2022-03-17 09:43:56,087 [Worker-2: Loading available Gradle versions] INFO  o.e.b.c.i.u.g.PublishedGradleVersions - Gradle version information cache is out-of-date. Trying to update.
2022-03-17 09:43:58,733 [Worker-2: Loading available Gradle versions] INFO  o.e.b.c.i.u.g.PublishedGradleVersions - Updating Gradle version information cache failed. Using outdated cache.
2022-03-17 09:44:13,692 [Worker-5: Importing Maven projects] INFO  o.e.m.c.i.p.ProjectConfigurationManager - Imported and configured 1 project(s) in 3 sec
2022-03-17 09:44:45,085 [Worker-6: reload maven project] ERROR o.e.m.c.i.p.r.ProjectRegistryManager - Failed to read Maven project: Some problems were encountered while processing the POMs:
[FATAL] Non-resolvable parent POM for com.devsuperior:hr-worker:0.0.1-SNAPSHOT: org.springframework.boot:spring-boot-starter-parent:pom:2.6.5-SNAPSHOT was not found in http://srvcem002a.tokiomarine.com.br/artifactory/tkm-mirror during a previous attempt. This failure was cached in the local repository and resolution is not reattempted until the update interval of internal-repository-mirror has elapsed or updates are forced and 'parent.relativePath' points at no local POM @ line 5, column 10

org.apache.maven.project.ProjectBuildingException: Some problems were encountered while processing the POMs:
[FATAL] Non-resolvable parent POM for com.devsuperior:hr-worker:0.0.1-SNAPSHOT: org.springframework.boot:spring-boot-starter-parent:pom:2.6.5-SNAPSHOT was not found in http://srvcem002a.tokiomarine.com.br/artifactory/tkm-mirror during a previous attempt. This failure was cached in the local repository and resolution is not reattempted until the update interval of internal-repository-mirror has elapsed or updates are forced and 'parent.relativePath' points at no local POM @ line 5, column 10

	at org.eclipse.m2e.core.internal.embedder.MavenImpl.readMavenProjects(MavenImpl.java:696)
	at org.eclipse.m2e.core.internal.project.registry.ProjectRegistryManager.lambda$16(ProjectRegistryManager.java:851)
	at org.eclipse.m2e.core.internal.embedder.MavenExecutionContext.executeBare(MavenExecutionContext.java:182)
	at org.eclipse.m2e.core.internal.embedder.MavenExecutionContext.execute(MavenExecutionContext.java:156)
	at org.eclipse.m2e.core.internal.embedder.MavenExecutionContext.execute(MavenExecutionContext.java:103)
	at org.eclipse.m2e.core.internal.project.registry.ProjectRegistryManager.execute(ProjectRegistryManager.java:1009)
	at org.eclipse.m2e.core.internal.project.registry.ProjectRegistryManager.readProjectsWithDependencies(ProjectRegistryManager.java:847)
	at org.eclipse.m2e.core.internal.project.registry.ProjectRegistryManager.create(ProjectRegistryManager.java:201)
	at org.eclipse.m2e.core.internal.project.registry.MavenProjectManager.create(MavenProjectManager.java:87)
	at org.eclipse.m2e.core.ui.internal.actions.SelectionUtil.getMavenProject(SelectionUtil.java:255)
	at org.eclipse.m2e.editor.pom.MavenPomEditor.readMavenProject(MavenPomEditor.java:659)
	at org.eclipse.m2e.editor.pom.MavenPomEditor$3.run(MavenPomEditor.java:979)
	at org.eclipse.core.internal.jobs.Worker.run(Worker.java:63)
2022-03-17 09:46:17,584 [Worker-9: reload maven project] ERROR o.e.m.c.i.p.r.ProjectRegistryManager - Failed to read Maven project: Some problems were encountered while processing the POMs:
[FATAL] Non-parseable POM C:\Users\T807314\Desktop\microservices-projects\hr-worker\pom.xml: in epilog non whitespace content is not allowed but got 1 (position: END_TAG seen ...</build>\n\n</project>\n 1... @59:3)  @ line 59, column 3

org.apache.maven.project.ProjectBuildingException: Some problems were encountered while processing the POMs:
[FATAL] Non-parseable POM C:\Users\T807314\Desktop\microservices-projects\hr-worker\pom.xml: in epilog non whitespace content is not allowed but got 1 (position: END_TAG seen ...</build>\n\n</project>\n 1... @59:3)  @ line 59, column 3

	at org.eclipse.m2e.core.internal.embedder.MavenImpl.readMavenProjects(MavenImpl.java:696)
	at org.eclipse.m2e.core.internal.project.registry.ProjectRegistryManager.lambda$16(ProjectRegistryManager.java:851)
	at org.eclipse.m2e.core.internal.embedder.MavenExecutionContext.executeBare(MavenExecutionContext.java:182)
	at org.eclipse.m2e.core.internal.embedder.MavenExecutionContext.execute(MavenExecutionContext.java:156)
	at org.eclipse.m2e.core.internal.embedder.MavenExecutionContext.execute(MavenExecutionContext.java:103)
	at org.eclipse.m2e.core.internal.project.registry.ProjectRegistryManager.execute(ProjectRegistryManager.java:1009)
	at org.eclipse.m2e.core.internal.project.registry.ProjectRegistryManager.readProjectsWithDependencies(ProjectRegistryManager.java:847)
	at org.eclipse.m2e.core.internal.project.registry.ProjectRegistryManager.create(ProjectRegistryManager.java:201)
	at org.eclipse.m2e.core.internal.project.registry.MavenProjectManager.create(MavenProjectManager.java:87)
	at org.eclipse.m2e.core.ui.internal.actions.SelectionUtil.getMavenProject(SelectionUtil.java:255)
	at org.eclipse.m2e.editor.pom.MavenPomEditor.readMavenProject(MavenPomEditor.java:659)
	at org.eclipse.m2e.editor.pom.MavenPomEditor$3.run(MavenPomEditor.java:979)
	at org.eclipse.core.internal.jobs.Worker.run(Worker.java:63)
2022-03-17 09:46:18,012 [Worker-6: Building] ERROR o.e.m.c.i.p.r.ProjectRegistryManager - Could not read pom.xml
org.eclipse.core.runtime.CoreException: Could not read pom.xml
	at org.eclipse.m2e.core.internal.embedder.MavenImpl.readModel(MavenImpl.java:579)
	at org.eclipse.m2e.core.internal.project.registry.ProjectRegistryManager.refreshPhase2(ProjectRegistryManager.java:547)
	at org.eclipse.m2e.core.internal.project.registry.ProjectRegistryManager.refresh(ProjectRegistryManager.java:503)
	at org.eclipse.m2e.core.internal.project.registry.ProjectRegistryManager.refresh(ProjectRegistryManager.java:349)
	at org.eclipse.m2e.core.internal.project.registry.ProjectRegistryManager.refresh(ProjectRegistryManager.java:303)
	at org.eclipse.m2e.core.internal.builder.MavenBuilder$BuildMethod.getProjectFacade(MavenBuilder.java:151)
	at org.eclipse.m2e.core.internal.builder.MavenBuilder$BuildMethod.lambda$0(MavenBuilder.java:89)
	at org.eclipse.m2e.core.internal.embedder.MavenExecutionContext.executeBare(MavenExecutionContext.java:182)
	at org.eclipse.m2e.core.internal.embedder.MavenExecutionContext.execute(MavenExecutionContext.java:156)
	at org.eclipse.m2e.core.internal.embedder.MavenExecutionContext.execute(MavenExecutionContext.java:103)
	at org.eclipse.m2e.core.internal.builder.MavenBuilder$BuildMethod.execute(MavenBuilder.java:88)
	at org.eclipse.m2e.core.internal.builder.MavenBuilder.build(MavenBuilder.java:198)
	at org.eclipse.core.internal.events.BuildManager$2.run(BuildManager.java:860)
	at org.eclipse.core.runtime.SafeRunner.run(SafeRunner.java:45)
	at org.eclipse.core.internal.events.BuildManager.basicBuild(BuildManager.java:232)
	at org.eclipse.core.internal.events.BuildManager.basicBuild(BuildManager.java:281)
	at org.eclipse.core.internal.events.BuildManager$1.run(BuildManager.java:334)
	at org.eclipse.core.runtime.SafeRunner.run(SafeRunner.java:45)
	at org.eclipse.core.internal.events.BuildManager.basicBuild(BuildManager.java:337)
	at org.eclipse.core.internal.events.BuildManager.basicBuildLoop(BuildManager.java:392)
	at org.eclipse.core.internal.events.BuildManager.build(BuildManager.java:417)
	at org.eclipse.core.internal.events.AutoBuildJob.doBuild(AutoBuildJob.java:161)
	at org.eclipse.core.internal.events.AutoBuildJob.run(AutoBuildJob.java:255)
	at org.eclipse.core.internal.jobs.Worker.run(Worker.java:63)
Caused by: org.apache.maven.model.io.ModelParseException: in epilog non whitespace content is not allowed but got 1 (position: END_TAG seen ...</build>\n\n</project>\n 1... @59:3) 
	at org.apache.maven.model.io.DefaultModelReader.read(DefaultModelReader.java:117)
	at org.apache.maven.model.io.DefaultModelReader.read(DefaultModelReader.java:85)
	at org.eclipse.m2e.core.internal.embedder.MavenImpl.readModel(MavenImpl.java:577)
	... 23 common frames omitted
Caused by: org.codehaus.plexus.util.xml.pull.XmlPullParserException: in epilog non whitespace content is not allowed but got 1 (position: END_TAG seen ...</build>\n\n</project>\n 1... @59:3) 
	at org.codehaus.plexus.util.xml.pull.MXParser.parseEpilog(MXParser.java:2021)
	at org.codehaus.plexus.util.xml.pull.MXParser.nextImpl(MXParser.java:1696)
	at org.codehaus.plexus.util.xml.pull.MXParser.next(MXParser.java:1319)
	at org.apache.maven.model.io.xpp3.MavenXpp3Reader.read(MavenXpp3Reader.java:3876)
	at org.apache.maven.model.io.xpp3.MavenXpp3Reader.read(MavenXpp3Reader.java:595)
	at org.apache.maven.model.io.DefaultModelReader.read(DefaultModelReader.java:112)
	... 25 common frames omitted
2022-03-17 09:46:22,733 [Worker-9: Building] INFO  o.e.m.c.i.e.AbstractTransferListenerAdapter - Downloading http://srvcem002a.tokiomarine.com.br/artifactory/tkm-mirror/org/springframework/boot/spring-boot-starter-parent/2.3.4.RELEASE/spring-boot-starter-parent-2.3.4.RELEASE.pom
2022-03-17 09:46:22,733 [Worker-3: reload maven project] INFO  o.e.m.c.i.e.AbstractTransferListenerAdapter - Downloading http://srvcem002a.tokiomarine.com.br/artifactory/tkm-mirror/org/springframework/boot/spring-boot-starter-parent/2.3.4.RELEASE/spring-boot-starter-parent-2.3.4.RELEASE.pom
2022-03-17 09:46:22,819 [Worker-3: reload maven project] INFO  o.e.m.c.i.e.AbstractTransferListenerAdapter - Downloaded http://srvcem002a.tokiomarine.com.br/artifactory/tkm-mirror/org/springframework/boot/spring-boot-starter-parent/2.3.4.RELEASE/spring-boot-starter-parent-2.3.4.RELEASE.pom
2022-03-17 09:46:22,896 [Worker-9: Building] INFO  o.e.m.c.i.e.AbstractTransferListenerAdapter - Downloaded http://srvcem002a.tokiomarine.com.br/artifactory/tkm-mirror/org/springframework/boot/spring-boot-starter-parent/2.3.4.RELEASE/spring-boot-starter-parent-2.3.4.RELEASE.pom
2022-03-17 09:46:22,931 [Worker-3: reload maven project] INFO  o.e.m.c.i.e.AbstractTransferListenerAdapter - Downloading http://srvcem002a.tokiomarine.com.br/artifactory/tkm-mirror/org/springframework/boot/spring-boot-dependencies/2.3.4.RELEASE/spring-boot-dependencies-2.3.4.RELEASE.pom
2022-03-17 09:46:22,956 [Worker-9: Building] INFO  o.e.m.c.i.e.AbstractTransferListenerAdapter - Downloading http://srvcem002a.tokiomarine.com.br/artifactory/tkm-mirror/org/springframework/boot/spring-boot-dependencies/2.3.4.RELEASE/spring-boot-dependencies-2.3.4.RELEASE.pom
2022-03-17 09:46:23,180 [Worker-3: reload maven project] INFO  o.e.m.c.i.e.AbstractTransferListenerAdapter - Downloaded http://srvcem002a.tokiomarine.com.br/artifactory/tkm-mirror/org/springframework/boot/spring-boot-dependencies/2.3.4.RELEASE/spring-boot-dependencies-2.3.4.RELEASE.pom
2022-03-17 09:46:23,307 [Worker-9: Building] INFO  o.e.m.c.i.e.AbstractTransferListenerAdapter - Downloaded http://srvcem002a.tokiomarine.com.br/artifactory/tkm-mirror/org/springframework/boot/spring-boot-dependencies/2.3.4.RELEASE/spring-boot-dependencies-2.3.4.RELEASE.pom
2022-03-17 09:46:23,321 [Worker-3: reload maven project] INFO  o.e.m.c.i.e.AbstractTransferListenerAdapter - Downloading http://srvcem002a.tokiomarine.com.br/artifactory/tkm-mirror/com/datastax/oss/java-driver-bom/4.6.1/java-driver-bom-4.6.1.pom
2022-03-17 09:46:23,370 [Worker-9: Building] INFO  o.e.m.c.i.e.AbstractTransferListenerAdapter - Downloading http://srvcem002a.tokiomarine.com.br/artifactory/tkm-mirror/com/datastax/oss/java-driver-bom/4.6.1/java-driver-bom-4.6.1.pom
2022-03-17 09:46:23,380 [Worker-3: reload maven project] INFO  o.e.m.c.i.e.AbstractTransferListenerAdapter - Downloaded http://srvcem002a.tokiomarine.com.br/artifactory/tkm-mirror/com/datastax/oss/java-driver-bom/4.6.1/java-driver-bom-4.6.1.pom
2022-03-17 09:46:23,466 [Worker-9: Building] INFO  o.e.m.c.i.e.AbstractTransferListenerAdapter - Downloaded http://srvcem002a.tokiomarine.com.br/artifactory/tkm-mirror/com/datastax/oss/java-driver-bom/4.6.1/java-driver-bom-4.6.1.pom
2022-03-17 09:46:23,468 [Worker-3: reload maven project] INFO  o.e.m.c.i.e.AbstractTransferListenerAdapter - Downloading http://srvcem002a.tokiomarine.com.br/artifactory/tkm-mirror/io/dropwizard/metrics/metrics-bom/4.1.12.1/metrics-bom-4.1.12.1.pom
2022-03-17 09:46:23,521 [Worker-9: Building] INFO  o.e.m.c.i.e.AbstractTransferListenerAdapter - Downloading http://srvcem002a.tokiomarine.com.br/artifactory/tkm-mirror/io/dropwizard/metrics/metrics-bom/4.1.12.1/metrics-bom-4.1.12.1.pom
2022-03-17 09:46:23,527 [Worker-3: reload maven project] INFO  o.e.m.c.i.e.AbstractTransferListenerAdapter - Downloaded http://srvcem002a.tokiomarine.com.br/artifactory/tkm-mirror/io/dropwizard/metrics/metrics-bom/4.1.12.1/metrics-bom-4.1.12.1.pom
2022-03-17 09:46:23,605 [Worker-3: reload maven project] INFO  o.e.m.c.i.e.AbstractTransferListenerAdapter - Downloading http://srvcem002a.tokiomarine.com.br/artifactory/tkm-mirror/io/dropwizard/metrics/metrics-parent/4.1.12.1/metrics-parent-4.1.12.1.pom
2022-03-17 09:46:23,607 [Worker-9: Building] INFO  o.e.m.c.i.e.AbstractTransferListenerAdapter - Downloaded http://srvcem002a.tokiomarine.com.br/artifactory/tkm-mirror/io/dropwizard/metrics/metrics-bom/4.1.12.1/metrics-bom-4.1.12.1.pom
2022-03-17 09:46:23,654 [Worker-9: Building] INFO  o.e.m.c.i.e.AbstractTransferListenerAdapter - Downloading http://srvcem002a.tokiomarine.com.br/artifactory/tkm-mirror/io/dropwizard/metrics/metrics-parent/4.1.12.1/metrics-parent-4.1.12.1.pom
2022-03-17 09:46:23,661 [Worker-3: reload maven project] INFO  o.e.m.c.i.e.AbstractTransferListenerAdapter - Downloaded http://srvcem002a.tokiomarine.com.br/artifactory/tkm-mirror/io/dropwizard/metrics/metrics-parent/4.1.12.1/metrics-parent-4.1.12.1.pom
2022-03-17 09:46:23,748 [Worker-9: Building] INFO  o.e.m.c.i.e.AbstractTransferListenerAdapter - Downloaded http://srvcem002a.tokiomarine.com.br/artifactory/tkm-mirror/io/dropwizard/metrics/metrics-parent/4.1.12.1/metrics-parent-4.1.12.1.pom
2022-03-17 09:46:23,751 [Worker-3: reload maven project] INFO  o.e.m.c.i.e.AbstractTransferListenerAdapter - Downloading http://srvcem002a.tokiomarine.com.br/artifactory/tkm-mirror/org/codehaus/groovy/groovy-bom/2.5.13/groovy-bom-2.5.13.pom
2022-03-17 09:46:23,798 [Worker-9: Building] INFO  o.e.m.c.i.e.AbstractTransferListenerAdapter - Downloading http://srvcem002a.tokiomarine.com.br/artifactory/tkm-mirror/org/codehaus/groovy/groovy-bom/2.5.13/groovy-bom-2.5.13.pom
2022-03-17 09:46:23,811 [Worker-3: reload maven project] INFO  o.e.m.c.i.e.AbstractTransferListenerAdapter - Downloaded http://srvcem002a.tokiomarine.com.br/artifactory/tkm-mirror/org/codehaus/groovy/groovy-bom/2.5.13/groovy-bom-2.5.13.pom
2022-03-17 09:46:23,899 [Worker-9: Building] INFO  o.e.m.c.i.e.AbstractTransferListenerAdapter - Downloaded http://srvcem002a.tokiomarine.com.br/artifactory/tkm-mirror/org/codehaus/groovy/groovy-bom/2.5.13/groovy-bom-2.5.13.pom
2022-03-17 09:46:23,906 [Worker-3: reload maven project] INFO  o.e.m.c.i.e.AbstractTransferListenerAdapter - Downloading http://srvcem002a.tokiomarine.com.br/artifactory/tkm-mirror/com/fasterxml/jackson/jackson-bom/2.11.2/jackson-bom-2.11.2.pom
2022-03-17 09:46:23,956 [Worker-9: Building] INFO  o.e.m.c.i.e.AbstractTransferListenerAdapter - Downloading http://srvcem002a.tokiomarine.com.br/artifactory/tkm-mirror/com/fasterxml/jackson/jackson-bom/2.11.2/jackson-bom-2.11.2.pom
2022-03-17 09:46:23,974 [Worker-3: reload maven project] INFO  o.e.m.c.i.e.AbstractTransferListenerAdapter - Downloaded http://srvcem002a.tokiomarine.com.br/artifactory/tkm-mirror/com/fasterxml/jackson/jackson-bom/2.11.2/jackson-bom-2.11.2.pom
2022-03-17 09:46:24,045 [Worker-9: Building] INFO  o.e.m.c.i.e.AbstractTransferListenerAdapter - Downloaded http://srvcem002a.tokiomarine.com.br/artifactory/tkm-mirror/com/fasterxml/jackson/jackson-bom/2.11.2/jackson-bom-2.11.2.pom
2022-03-17 09:46:24,091 [Worker-3: reload maven project] INFO  o.e.m.c.i.e.AbstractTransferListenerAdapter - Downloading http://srvcem002a.tokiomarine.com.br/artifactory/tkm-mirror/org/glassfish/jersey/jersey-bom/2.30.1/jersey-bom-2.30.1.pom
2022-03-17 09:46:24,108 [Worker-9: Building] INFO  o.e.m.c.i.e.AbstractTransferListenerAdapter - Downloading http://srvcem002a.tokiomarine.com.br/artifactory/tkm-mirror/org/glassfish/jersey/jersey-bom/2.30.1/jersey-bom-2.30.1.pom
2022-03-17 09:46:24,164 [Worker-3: reload maven project] INFO  o.e.m.c.i.e.AbstractTransferListenerAdapter - Downloaded http://srvcem002a.tokiomarine.com.br/artifactory/tkm-mirror/org/glassfish/jersey/jersey-bom/2.30.1/jersey-bom-2.30.1.pom
2022-03-17 09:46:24,209 [Worker-9: Building] INFO  o.e.m.c.i.e.AbstractTransferListenerAdapter - Downloaded http://srvcem002a.tokiomarine.com.br/artifactory/tkm-mirror/org/glassfish/jersey/jersey-bom/2.30.1/jersey-bom-2.30.1.pom
2022-03-17 09:46:24,235 [Worker-9: Building] INFO  o.e.m.c.i.e.AbstractTransferListenerAdapter - Downloaded http://srvcem002a.tokiomarine.com.br/artifactory/tkm-mirror/org/eclipse/jetty/jetty-bom/9.4.31.v20200723/jetty-bom-9.4.31.v20200723.pom
2022-03-17 09:46:24,245 [Worker-9: Building] INFO  o.e.m.c.i.e.AbstractTransferListenerAdapter - Downloaded http://srvcem002a.tokiomarine.com.br/artifactory/tkm-mirror/org/junit/junit-bom/5.6.2/junit-bom-5.6.2.pom
2022-03-17 09:46:24,254 [Worker-9: Building] INFO  o.e.m.c.i.e.AbstractTransferListenerAdapter - Downloaded http://srvcem002a.tokiomarine.com.br/artifactory/tkm-mirror/org/jetbrains/kotlin/kotlin-bom/1.3.72/kotlin-bom-1.3.72.pom
2022-03-17 09:46:24,263 [Worker-9: Building] INFO  o.e.m.c.i.e.AbstractTransferListenerAdapter - Downloaded http://srvcem002a.tokiomarine.com.br/artifactory/tkm-mirror/org/jetbrains/kotlinx/kotlinx-coroutines-bom/1.3.8/kotlinx-coroutines-bom-1.3.8.pom
2022-03-17 09:46:24,273 [Worker-3: reload maven project] INFO  o.e.m.c.i.e.AbstractTransferListenerAdapter - Downloading http://srvcem002a.tokiomarine.com.br/artifactory/tkm-mirror/org/eclipse/jetty/jetty-bom/9.4.31.v20200723/jetty-bom-9.4.31.v20200723.pom
2022-03-17 09:46:24,281 [Worker-9: Building] INFO  o.e.m.c.i.e.AbstractTransferListenerAdapter - Downloaded http://srvcem002a.tokiomarine.com.br/artifactory/tkm-mirror/org/apache/logging/log4j/log4j-bom/2.13.3/log4j-bom-2.13.3.pom
2022-03-17 09:46:24,291 [Worker-9: Building] INFO  o.e.m.c.i.e.AbstractTransferListenerAdapter - Downloaded http://srvcem002a.tokiomarine.com.br/artifactory/tkm-mirror/io/micrometer/micrometer-bom/1.5.5/micrometer-bom-1.5.5.pom
2022-03-17 09:46:24,301 [Worker-9: Building] INFO  o.e.m.c.i.e.AbstractTransferListenerAdapter - Downloaded http://srvcem002a.tokiomarine.com.br/artifactory/tkm-mirror/io/netty/netty-bom/4.1.52.Final/netty-bom-4.1.52.Final.pom
2022-03-17 09:46:24,310 [Worker-9: Building] INFO  o.e.m.c.i.e.AbstractTransferListenerAdapter - Downloaded http://srvcem002a.tokiomarine.com.br/artifactory/tkm-mirror/io/r2dbc/r2dbc-bom/Arabba-SR7/r2dbc-bom-Arabba-SR7.pom
2022-03-17 09:46:24,318 [Worker-9: Building] INFO  o.e.m.c.i.e.AbstractTransferListenerAdapter - Downloaded http://srvcem002a.tokiomarine.com.br/artifactory/tkm-mirror/io/projectreactor/reactor-bom/Dysprosium-SR12/reactor-bom-Dysprosium-SR12.pom
2022-03-17 09:46:24,327 [Worker-9: Building] INFO  o.e.m.c.i.e.AbstractTransferListenerAdapter - Downloaded http://srvcem002a.tokiomarine.com.br/artifactory/tkm-mirror/io/rsocket/rsocket-bom/1.0.2/rsocket-bom-1.0.2.pom
2022-03-17 09:46:24,332 [Worker-3: reload maven project] INFO  o.e.m.c.i.e.AbstractTransferListenerAdapter - Downloaded http://srvcem002a.tokiomarine.com.br/artifactory/tkm-mirror/org/eclipse/jetty/jetty-bom/9.4.31.v20200723/jetty-bom-9.4.31.v20200723.pom
2022-03-17 09:46:24,338 [Worker-9: Building] INFO  o.e.m.c.i.e.AbstractTransferListenerAdapter - Downloaded http://srvcem002a.tokiomarine.com.br/artifactory/tkm-mirror/org/springframework/data/spring-data-releasetrain/Neumann-SR4/spring-data-releasetrain-Neumann-SR4.pom
2022-03-17 09:46:24,349 [Worker-9: Building] INFO  o.e.m.c.i.e.AbstractTransferListenerAdapter - Downloaded http://srvcem002a.tokiomarine.com.br/artifactory/tkm-mirror/org/springframework/spring-framework-bom/5.2.9.RELEASE/spring-framework-bom-5.2.9.RELEASE.pom
2022-03-17 09:46:24,359 [Worker-9: Building] INFO  o.e.m.c.i.e.AbstractTransferListenerAdapter - Downloaded http://srvcem002a.tokiomarine.com.br/artifactory/tkm-mirror/org/springframework/integration/spring-integration-bom/5.3.2.RELEASE/spring-integration-bom-5.3.2.RELEASE.pom
2022-03-17 09:46:24,369 [Worker-9: Building] INFO  o.e.m.c.i.e.AbstractTransferListenerAdapter - Downloaded http://srvcem002a.tokiomarine.com.br/artifactory/tkm-mirror/org/springframework/security/spring-security-bom/5.3.4.RELEASE/spring-security-bom-5.3.4.RELEASE.pom
2022-03-17 09:46:24,379 [Worker-9: Building] INFO  o.e.m.c.i.e.AbstractTransferListenerAdapter - Downloaded http://srvcem002a.tokiomarine.com.br/artifactory/tkm-mirror/org/springframework/session/spring-session-bom/Dragonfruit-SR1/spring-session-bom-Dragonfruit-SR1.pom
2022-03-17 09:46:24,494 [Worker-3: reload maven project] ERROR o.e.m2e.editor.pom.MavenPomEditor - failed to load maven project for org.eclipse.ui.part.FileEditorInput(/hr-worker/pom.xml)
org.eclipse.core.runtime.CoreException: Could not read maven project
	at org.eclipse.m2e.core.internal.project.registry.ProjectRegistryManager.readProjectWithDependencies(ProjectRegistryManager.java:831)
	at org.eclipse.m2e.core.internal.project.registry.ProjectRegistryManager.lambda$26(ProjectRegistryManager.java:1049)
	at java.base/java.util.HashMap.computeIfAbsent(HashMap.java:1220)
	at java.base/java.util.Collections$SynchronizedMap.computeIfAbsent(Collections.java:2760)
	at org.eclipse.m2e.core.internal.project.registry.ProjectRegistryManager.lambda$25(ProjectRegistryManager.java:1048)
	at java.base/java.util.Map.computeIfAbsent(Map.java:1054)
	at org.eclipse.m2e.core.internal.project.registry.ProjectRegistryManager.getMavenProject(ProjectRegistryManager.java:1048)
	at org.eclipse.m2e.core.internal.project.registry.MavenProjectFacade.getMavenProject(MavenProjectFacade.java:261)
	at org.eclipse.m2e.core.ui.internal.actions.SelectionUtil.getMavenProject(SelectionUtil.java:257)
	at org.eclipse.m2e.editor.pom.MavenPomEditor.readMavenProject(MavenPomEditor.java:659)
	at org.eclipse.m2e.editor.pom.MavenPomEditor$3.run(MavenPomEditor.java:979)
	at org.eclipse.core.internal.jobs.Worker.run(Worker.java:63)
2022-03-17 09:46:24,828 [Worker-9: Building] INFO  o.e.m.c.i.e.AbstractTransferListenerAdapter - Downloading http://srvcem002a.tokiomarine.com.br/artifactory/tkm-mirror/org/springframework/boot/spring-boot-maven-plugin/2.3.4.RELEASE/spring-boot-maven-plugin-2.3.4.RELEASE.pom
2022-03-17 09:46:24,884 [Worker-9: Building] INFO  o.e.m.c.i.e.AbstractTransferListenerAdapter - Downloaded http://srvcem002a.tokiomarine.com.br/artifactory/tkm-mirror/org/springframework/boot/spring-boot-maven-plugin/2.3.4.RELEASE/spring-boot-maven-plugin-2.3.4.RELEASE.pom
2022-03-17 09:46:25,557 [Worker-9: Building] INFO  o.e.m.c.i.e.AbstractTransferListenerAdapter - Downloading http://srvcem002a.tokiomarine.com.br/artifactory/tkm-mirror/org/springframework/boot/spring-boot-maven-plugin/2.3.4.RELEASE/spring-boot-maven-plugin-2.3.4.RELEASE.jar
2022-03-17 09:46:25,683 [Worker-9: Building] INFO  o.e.m.c.i.e.AbstractTransferListenerAdapter - Downloaded http://srvcem002a.tokiomarine.com.br/artifactory/tkm-mirror/org/springframework/boot/spring-boot-maven-plugin/2.3.4.RELEASE/spring-boot-maven-plugin-2.3.4.RELEASE.jar
2022-03-17 09:46:26,531 [Worker-9: Building] INFO  o.e.m.c.i.e.AbstractTransferListenerAdapter - Downloading http://srvcem002a.tokiomarine.com.br/artifactory/tkm-mirror/org/apache/maven/plugins/maven-jar-plugin/3.2.0/maven-jar-plugin-3.2.0.jar
2022-03-17 09:46:26,627 [Worker-9: Building] INFO  o.e.m.c.i.e.AbstractTransferListenerAdapter - Downloaded http://srvcem002a.tokiomarine.com.br/artifactory/tkm-mirror/org/apache/maven/plugins/maven-jar-plugin/3.2.0/maven-jar-plugin-3.2.0.jar
2022-03-17 09:46:31,466 [Worker-9: Building] INFO  o.e.m.c.i.l.LifecycleMappingFactory - Using org.eclipse.m2e.jdt.JarLifecycleMapping lifecycle mapping for MavenProject: com.devsuperior:hr-worker:0.0.1-SNAPSHOT @ C:\Users\T807314\Desktop\microservices-projects\hr-worker\pom.xml.
2022-03-17 09:46:31,538 [Worker-9: Building] INFO  o.e.m.c.i.e.AbstractTransferListenerAdapter - Downloading http://srvcem002a.tokiomarine.com.br/artifactory/tkm-mirror/org/springframework/boot/spring-boot-starter-data-jpa/2.3.4.RELEASE/spring-boot-starter-data-jpa-2.3.4.RELEASE.pom
2022-03-17 09:46:31,621 [Worker-9: Building] INFO  o.e.m.c.i.e.AbstractTransferListenerAdapter - Downloaded http://srvcem002a.tokiomarine.com.br/artifactory/tkm-mirror/org/springframework/boot/spring-boot-starter-data-jpa/2.3.4.RELEASE/spring-boot-starter-data-jpa-2.3.4.RELEASE.pom
2022-03-17 09:46:31,692 [Worker-9: Building] INFO  o.e.m.c.i.e.AbstractTransferListenerAdapter - Downloading http://srvcem002a.tokiomarine.com.br/artifactory/tkm-mirror/org/springframework/boot/spring-boot-starter-aop/2.3.4.RELEASE/spring-boot-starter-aop-2.3.4.RELEASE.pom
2022-03-17 09:46:31,749 [Worker-9: Building] INFO  o.e.m.c.i.e.AbstractTransferListenerAdapter - Downloaded http://srvcem002a.tokiomarine.com.br/artifactory/tkm-mirror/org/springframework/boot/spring-boot-starter-aop/2.3.4.RELEASE/spring-boot-starter-aop-2.3.4.RELEASE.pom
2022-03-17 09:46:31,824 [Worker-9: Building] INFO  o.e.m.c.i.e.AbstractTransferListenerAdapter - Downloading http://srvcem002a.tokiomarine.com.br/artifactory/tkm-mirror/org/springframework/boot/spring-boot-starter/2.3.4.RELEASE/spring-boot-starter-2.3.4.RELEASE.pom
2022-03-17 09:46:31,877 [Worker-9: Building] INFO  o.e.m.c.i.e.AbstractTransferListenerAdapter - Downloaded http://srvcem002a.tokiomarine.com.br/artifactory/tkm-mirror/org/springframework/boot/spring-boot-starter/2.3.4.RELEASE/spring-boot-starter-2.3.4.RELEASE.pom
2022-03-17 09:46:31,944 [Worker-9: Building] INFO  o.e.m.c.i.e.AbstractTransferListenerAdapter - Downloading http://srvcem002a.tokiomarine.com.br/artifactory/tkm-mirror/org/springframework/boot/spring-boot/2.3.4.RELEASE/spring-boot-2.3.4.RELEASE.pom
2022-03-17 09:46:31,991 [Worker-9: Building] INFO  o.e.m.c.i.e.AbstractTransferListenerAdapter - Downloaded http://srvcem002a.tokiomarine.com.br/artifactory/tkm-mirror/org/springframework/boot/spring-boot/2.3.4.RELEASE/spring-boot-2.3.4.RELEASE.pom
2022-03-17 09:46:32,054 [Worker-9: Building] INFO  o.e.m.c.i.e.AbstractTransferListenerAdapter - Downloading http://srvcem002a.tokiomarine.com.br/artifactory/tkm-mirror/org/springframework/spring-core/5.2.9.RELEASE/spring-core-5.2.9.RELEASE.pom
2022-03-17 09:46:32,101 [Worker-9: Building] INFO  o.e.m.c.i.e.AbstractTransferListenerAdapter - Downloaded http://srvcem002a.tokiomarine.com.br/artifactory/tkm-mirror/org/springframework/spring-core/5.2.9.RELEASE/spring-core-5.2.9.RELEASE.pom
2022-03-17 09:46:32,171 [Worker-9: Building] INFO  o.e.m.c.i.e.AbstractTransferListenerAdapter - Downloading http://srvcem002a.tokiomarine.com.br/artifactory/tkm-mirror/org/springframework/spring-jcl/5.2.9.RELEASE/spring-jcl-5.2.9.RELEASE.pom
2022-03-17 09:46:32,223 [Worker-9: Building] INFO  o.e.m.c.i.e.AbstractTransferListenerAdapter - Downloaded http://srvcem002a.tokiomarine.com.br/artifactory/tkm-mirror/org/springframework/spring-jcl/5.2.9.RELEASE/spring-jcl-5.2.9.RELEASE.pom
2022-03-17 09:46:32,288 [Worker-9: Building] INFO  o.e.m.c.i.e.AbstractTransferListenerAdapter - Downloading http://srvcem002a.tokiomarine.com.br/artifactory/tkm-mirror/org/springframework/spring-context/5.2.9.RELEASE/spring-context-5.2.9.RELEASE.pom
2022-03-17 09:46:32,335 [Worker-9: Building] INFO  o.e.m.c.i.e.AbstractTransferListenerAdapter - Downloaded http://srvcem002a.tokiomarine.com.br/artifactory/tkm-mirror/org/springframework/spring-context/5.2.9.RELEASE/spring-context-5.2.9.RELEASE.pom
2022-03-17 09:46:32,411 [Worker-9: Building] INFO  o.e.m.c.i.e.AbstractTransferListenerAdapter - Downloading http://srvcem002a.tokiomarine.com.br/artifactory/tkm-mirror/org/springframework/spring-aop/5.2.9.RELEASE/spring-aop-5.2.9.RELEASE.pom
2022-03-17 09:46:32,460 [Worker-9: Building] INFO  o.e.m.c.i.e.AbstractTransferListenerAdapter - Downloaded http://srvcem002a.tokiomarine.com.br/artifactory/tkm-mirror/org/springframework/spring-aop/5.2.9.RELEASE/spring-aop-5.2.9.RELEASE.pom
2022-03-17 09:46:32,523 [Worker-9: Building] INFO  o.e.m.c.i.e.AbstractTransferListenerAdapter - Downloading http://srvcem002a.tokiomarine.com.br/artifactory/tkm-mirror/org/springframework/spring-beans/5.2.9.RELEASE/spring-beans-5.2.9.RELEASE.pom
2022-03-17 09:46:32,570 [Worker-9: Building] INFO  o.e.m.c.i.e.AbstractTransferListenerAdapter - Downloaded http://srvcem002a.tokiomarine.com.br/artifactory/tkm-mirror/org/springframework/spring-beans/5.2.9.RELEASE/spring-beans-5.2.9.RELEASE.pom
2022-03-17 09:46:32,639 [Worker-9: Building] INFO  o.e.m.c.i.e.AbstractTransferListenerAdapter - Downloading http://srvcem002a.tokiomarine.com.br/artifactory/tkm-mirror/org/springframework/spring-expression/5.2.9.RELEASE/spring-expression-5.2.9.RELEASE.pom
2022-03-17 09:46:32,685 [Worker-9: Building] INFO  o.e.m.c.i.e.AbstractTransferListenerAdapter - Downloaded http://srvcem002a.tokiomarine.com.br/artifactory/tkm-mirror/org/springframework/spring-expression/5.2.9.RELEASE/spring-expression-5.2.9.RELEASE.pom
2022-03-17 09:46:32,747 [Worker-9: Building] INFO  o.e.m.c.i.e.AbstractTransferListenerAdapter - Downloading http://srvcem002a.tokiomarine.com.br/artifactory/tkm-mirror/org/springframework/boot/spring-boot-autoconfigure/2.3.4.RELEASE/spring-boot-autoconfigure-2.3.4.RELEASE.pom
2022-03-17 09:46:32,831 [Worker-9: Building] INFO  o.e.m.c.i.e.AbstractTransferListenerAdapter - Downloaded http://srvcem002a.tokiomarine.com.br/artifactory/tkm-mirror/org/springframework/boot/spring-boot-autoconfigure/2.3.4.RELEASE/spring-boot-autoconfigure-2.3.4.RELEASE.pom
2022-03-17 09:46:32,899 [Worker-9: Building] INFO  o.e.m.c.i.e.AbstractTransferListenerAdapter - Downloading http://srvcem002a.tokiomarine.com.br/artifactory/tkm-mirror/org/springframework/boot/spring-boot-starter-logging/2.3.4.RELEASE/spring-boot-starter-logging-2.3.4.RELEASE.pom
2022-03-17 09:46:32,947 [Worker-9: Building] INFO  o.e.m.c.i.e.AbstractTransferListenerAdapter - Downloaded http://srvcem002a.tokiomarine.com.br/artifactory/tkm-mirror/org/springframework/boot/spring-boot-starter-logging/2.3.4.RELEASE/spring-boot-starter-logging-2.3.4.RELEASE.pom
2022-03-17 09:46:33,046 [Worker-9: Building] INFO  o.e.m.c.i.e.AbstractTransferListenerAdapter - Downloading http://srvcem002a.tokiomarine.com.br/artifactory/tkm-mirror/org/slf4j/slf4j-api/1.7.30/slf4j-api-1.7.30.pom
2022-03-17 09:46:33,092 [Worker-9: Building] INFO  o.e.m.c.i.e.AbstractTransferListenerAdapter - Downloaded http://srvcem002a.tokiomarine.com.br/artifactory/tkm-mirror/org/slf4j/slf4j-api/1.7.30/slf4j-api-1.7.30.pom
2022-03-17 09:46:33,171 [Worker-9: Building] INFO  o.e.m.c.i.e.AbstractTransferListenerAdapter - Downloading http://srvcem002a.tokiomarine.com.br/artifactory/tkm-mirror/org/slf4j/slf4j-parent/1.7.30/slf4j-parent-1.7.30.pom
2022-03-17 09:46:33,221 [Worker-9: Building] INFO  o.e.m.c.i.e.AbstractTransferListenerAdapter - Downloaded http://srvcem002a.tokiomarine.com.br/artifactory/tkm-mirror/org/slf4j/slf4j-parent/1.7.30/slf4j-parent-1.7.30.pom
2022-03-17 09:46:33,307 [Worker-9: Building] INFO  o.e.m.c.i.e.AbstractTransferListenerAdapter - Downloading http://srvcem002a.tokiomarine.com.br/artifactory/tkm-mirror/org/apache/logging/log4j/log4j-to-slf4j/2.13.3/log4j-to-slf4j-2.13.3.pom
2022-03-17 09:46:33,356 [Worker-9: Building] INFO  o.e.m.c.i.e.AbstractTransferListenerAdapter - Downloaded http://srvcem002a.tokiomarine.com.br/artifactory/tkm-mirror/org/apache/logging/log4j/log4j-to-slf4j/2.13.3/log4j-to-slf4j-2.13.3.pom
2022-03-17 09:46:33,430 [Worker-9: Building] INFO  o.e.m.c.i.e.AbstractTransferListenerAdapter - Downloading http://srvcem002a.tokiomarine.com.br/artifactory/tkm-mirror/org/apache/logging/log4j/log4j/2.13.3/log4j-2.13.3.pom
2022-03-17 09:46:33,544 [Worker-9: Building] INFO  o.e.m.c.i.e.AbstractTransferListenerAdapter - Downloaded http://srvcem002a.tokiomarine.com.br/artifactory/tkm-mirror/org/apache/logging/log4j/log4j/2.13.3/log4j-2.13.3.pom
2022-03-17 09:46:33,638 [Worker-9: Building] INFO  o.e.m.c.i.e.AbstractTransferListenerAdapter - Downloading http://srvcem002a.tokiomarine.com.br/artifactory/tkm-mirror/org/apache/logging/log4j/log4j-api/2.13.3/log4j-api-2.13.3.pom
2022-03-17 09:46:33,735 [Worker-9: Building] INFO  o.e.m.c.i.e.AbstractTransferListenerAdapter - Downloaded http://srvcem002a.tokiomarine.com.br/artifactory/tkm-mirror/org/apache/logging/log4j/log4j-api/2.13.3/log4j-api-2.13.3.pom
2022-03-17 09:46:33,808 [Worker-9: Building] INFO  o.e.m.c.i.e.AbstractTransferListenerAdapter - Downloading http://srvcem002a.tokiomarine.com.br/artifactory/tkm-mirror/org/slf4j/jul-to-slf4j/1.7.30/jul-to-slf4j-1.7.30.pom
2022-03-17 09:46:33,853 [Worker-9: Building] INFO  o.e.m.c.i.e.AbstractTransferListenerAdapter - Downloaded http://srvcem002a.tokiomarine.com.br/artifactory/tkm-mirror/org/slf4j/jul-to-slf4j/1.7.30/jul-to-slf4j-1.7.30.pom
2022-03-17 09:46:33,947 [Worker-9: Building] INFO  o.e.m.c.i.e.AbstractTransferListenerAdapter - Downloading http://srvcem002a.tokiomarine.com.br/artifactory/tkm-mirror/org/yaml/snakeyaml/1.26/snakeyaml-1.26.pom
2022-03-17 09:46:34,004 [Worker-9: Building] INFO  o.e.m.c.i.e.AbstractTransferListenerAdapter - Downloaded http://srvcem002a.tokiomarine.com.br/artifactory/tkm-mirror/org/yaml/snakeyaml/1.26/snakeyaml-1.26.pom
2022-03-17 09:46:34,076 [Worker-9: Building] INFO  o.e.m.c.i.e.AbstractTransferListenerAdapter - Downloading http://srvcem002a.tokiomarine.com.br/artifactory/tkm-mirror/org/aspectj/aspectjweaver/1.9.6/aspectjweaver-1.9.6.pom
2022-03-17 09:46:36,247 [Worker-9: Building] INFO  o.e.m.c.i.e.AbstractTransferListenerAdapter - Downloaded http://srvcem002a.tokiomarine.com.br/artifactory/tkm-mirror/org/aspectj/aspectjweaver/1.9.6/aspectjweaver-1.9.6.pom
2022-03-17 09:46:36,333 [Worker-9: Building] INFO  o.e.m.c.i.e.AbstractTransferListenerAdapter - Downloading http://srvcem002a.tokiomarine.com.br/artifactory/tkm-mirror/org/springframework/boot/spring-boot-starter-jdbc/2.3.4.RELEASE/spring-boot-starter-jdbc-2.3.4.RELEASE.pom
2022-03-17 09:46:36,385 [Worker-9: Building] INFO  o.e.m.c.i.e.AbstractTransferListenerAdapter - Downloaded http://srvcem002a.tokiomarine.com.br/artifactory/tkm-mirror/org/springframework/boot/spring-boot-starter-jdbc/2.3.4.RELEASE/spring-boot-starter-jdbc-2.3.4.RELEASE.pom
2022-03-17 09:46:36,472 [Worker-9: Building] INFO  o.e.m.c.i.e.AbstractTransferListenerAdapter - Downloading http://srvcem002a.tokiomarine.com.br/artifactory/tkm-mirror/com/zaxxer/HikariCP/3.4.5/HikariCP-3.4.5.pom
2022-03-17 09:46:36,521 [Worker-9: Building] INFO  o.e.m.c.i.e.AbstractTransferListenerAdapter - Downloaded http://srvcem002a.tokiomarine.com.br/artifactory/tkm-mirror/com/zaxxer/HikariCP/3.4.5/HikariCP-3.4.5.pom
2022-03-17 09:46:36,660 [Worker-9: Building] INFO  o.e.m.c.i.e.AbstractTransferListenerAdapter - Downloading http://srvcem002a.tokiomarine.com.br/artifactory/tkm-mirror/org/springframework/spring-jdbc/5.2.9.RELEASE/spring-jdbc-5.2.9.RELEASE.pom
2022-03-17 09:46:36,716 [Worker-9: Building] INFO  o.e.m.c.i.e.AbstractTransferListenerAdapter - Downloaded http://srvcem002a.tokiomarine.com.br/artifactory/tkm-mirror/org/springframework/spring-jdbc/5.2.9.RELEASE/spring-jdbc-5.2.9.RELEASE.pom
2022-03-17 09:46:36,784 [Worker-9: Building] INFO  o.e.m.c.i.e.AbstractTransferListenerAdapter - Downloading http://srvcem002a.tokiomarine.com.br/artifactory/tkm-mirror/org/springframework/spring-tx/5.2.9.RELEASE/spring-tx-5.2.9.RELEASE.pom
2022-03-17 09:46:36,830 [Worker-9: Building] INFO  o.e.m.c.i.e.AbstractTransferListenerAdapter - Downloaded http://srvcem002a.tokiomarine.com.br/artifactory/tkm-mirror/org/springframework/spring-tx/5.2.9.RELEASE/spring-tx-5.2.9.RELEASE.pom
2022-03-17 09:46:36,946 [Worker-9: Building] INFO  o.e.m.c.i.e.AbstractTransferListenerAdapter - Downloading http://srvcem002a.tokiomarine.com.br/artifactory/tkm-mirror/org/hibernate/hibernate-core/5.4.21.Final/hibernate-core-5.4.21.Final.pom
2022-03-17 09:46:36,994 [Worker-9: Building] INFO  o.e.m.c.i.e.AbstractTransferListenerAdapter - Downloaded http://srvcem002a.tokiomarine.com.br/artifactory/tkm-mirror/org/hibernate/hibernate-core/5.4.21.Final/hibernate-core-5.4.21.Final.pom
2022-03-17 09:46:37,063 [Worker-9: Building] INFO  o.e.m.c.i.e.AbstractTransferListenerAdapter - Downloading http://srvcem002a.tokiomarine.com.br/artifactory/tkm-mirror/org/jboss/logging/jboss-logging/3.4.1.Final/jboss-logging-3.4.1.Final.pom
2022-03-17 09:46:37,106 [Worker-9: Building] INFO  o.e.m.c.i.e.AbstractTransferListenerAdapter - Downloaded http://srvcem002a.tokiomarine.com.br/artifactory/tkm-mirror/org/jboss/logging/jboss-logging/3.4.1.Final/jboss-logging-3.4.1.Final.pom
2022-03-17 09:46:37,181 [Worker-9: Building] INFO  o.e.m.c.i.e.AbstractTransferListenerAdapter - Downloading http://srvcem002a.tokiomarine.com.br/artifactory/tkm-mirror/org/jboss/jboss-parent/34/jboss-parent-34.pom
2022-03-17 09:46:37,294 [Worker-9: Building] INFO  o.e.m.c.i.e.AbstractTransferListenerAdapter - Downloaded http://srvcem002a.tokiomarine.com.br/artifactory/tkm-mirror/org/jboss/jboss-parent/34/jboss-parent-34.pom
2022-03-17 09:46:37,388 [Worker-9: Building] INFO  o.e.m.c.i.e.AbstractTransferListenerAdapter - Downloading http://srvcem002a.tokiomarine.com.br/artifactory/tkm-mirror/org/javassist/javassist/3.24.0-GA/javassist-3.24.0-GA.pom
2022-03-17 09:46:37,438 [Worker-9: Building] INFO  o.e.m.c.i.e.AbstractTransferListenerAdapter - Downloaded http://srvcem002a.tokiomarine.com.br/artifactory/tkm-mirror/org/javassist/javassist/3.24.0-GA/javassist-3.24.0-GA.pom
2022-03-17 09:46:37,513 [Worker-9: Building] INFO  o.e.m.c.i.e.AbstractTransferListenerAdapter - Downloading http://srvcem002a.tokiomarine.com.br/artifactory/tkm-mirror/net/bytebuddy/byte-buddy/1.10.14/byte-buddy-1.10.14.pom
2022-03-17 09:46:37,582 [Worker-9: Building] INFO  o.e.m.c.i.e.AbstractTransferListenerAdapter - Downloaded http://srvcem002a.tokiomarine.com.br/artifactory/tkm-mirror/net/bytebuddy/byte-buddy/1.10.14/byte-buddy-1.10.14.pom
2022-03-17 09:46:37,644 [Worker-9: Building] INFO  o.e.m.c.i.e.AbstractTransferListenerAdapter - Downloading http://srvcem002a.tokiomarine.com.br/artifactory/tkm-mirror/net/bytebuddy/byte-buddy-parent/1.10.14/byte-buddy-parent-1.10.14.pom
2022-03-17 09:46:37,704 [Worker-9: Building] INFO  o.e.m.c.i.e.AbstractTransferListenerAdapter - Downloaded http://srvcem002a.tokiomarine.com.br/artifactory/tkm-mirror/net/bytebuddy/byte-buddy-parent/1.10.14/byte-buddy-parent-1.10.14.pom
2022-03-17 09:46:37,799 [Worker-9: Building] INFO  o.e.m.c.i.e.AbstractTransferListenerAdapter - Downloading http://srvcem002a.tokiomarine.com.br/artifactory/tkm-mirror/org/jboss/jandex/2.1.3.Final/jandex-2.1.3.Final.pom
2022-03-17 09:46:37,848 [Worker-9: Building] INFO  o.e.m.c.i.e.AbstractTransferListenerAdapter - Downloaded http://srvcem002a.tokiomarine.com.br/artifactory/tkm-mirror/org/jboss/jandex/2.1.3.Final/jandex-2.1.3.Final.pom
2022-03-17 09:46:37,977 [Worker-9: Building] INFO  o.e.m.c.i.e.AbstractTransferListenerAdapter - Downloading http://srvcem002a.tokiomarine.com.br/artifactory/tkm-mirror/org/dom4j/dom4j/2.1.3/dom4j-2.1.3.pom
2022-03-17 09:46:38,026 [Worker-9: Building] INFO  o.e.m.c.i.e.AbstractTransferListenerAdapter - Downloaded http://srvcem002a.tokiomarine.com.br/artifactory/tkm-mirror/org/dom4j/dom4j/2.1.3/dom4j-2.1.3.pom
2022-03-17 09:46:38,096 [Worker-9: Building] INFO  o.e.m.c.i.e.AbstractTransferListenerAdapter - Downloading http://srvcem002a.tokiomarine.com.br/artifactory/tkm-mirror/org/hibernate/common/hibernate-commons-annotations/5.1.0.Final/hibernate-commons-annotations-5.1.0.Final.pom
2022-03-17 09:46:38,147 [Worker-9: Building] INFO  o.e.m.c.i.e.AbstractTransferListenerAdapter - Downloaded http://srvcem002a.tokiomarine.com.br/artifactory/tkm-mirror/org/hibernate/common/hibernate-commons-annotations/5.1.0.Final/hibernate-commons-annotations-5.1.0.Final.pom
2022-03-17 09:46:38,231 [Worker-9: Building] INFO  o.e.m.c.i.e.AbstractTransferListenerAdapter - Downloading http://srvcem002a.tokiomarine.com.br/artifactory/tkm-mirror/org/glassfish/jaxb/jaxb-runtime/2.3.3/jaxb-runtime-2.3.3.pom
2022-03-17 09:46:38,279 [Worker-9: Building] INFO  o.e.m.c.i.e.AbstractTransferListenerAdapter - Downloaded http://srvcem002a.tokiomarine.com.br/artifactory/tkm-mirror/org/glassfish/jaxb/jaxb-runtime/2.3.3/jaxb-runtime-2.3.3.pom
2022-03-17 09:46:38,382 [Worker-9: Building] INFO  o.e.m.c.i.e.AbstractTransferListenerAdapter - Downloading http://srvcem002a.tokiomarine.com.br/artifactory/tkm-mirror/com/sun/xml/bind/mvn/jaxb-runtime-parent/2.3.3/jaxb-runtime-parent-2.3.3.pom
2022-03-17 09:46:38,431 [Worker-9: Building] INFO  o.e.m.c.i.e.AbstractTransferListenerAdapter - Downloaded http://srvcem002a.tokiomarine.com.br/artifactory/tkm-mirror/com/sun/xml/bind/mvn/jaxb-runtime-parent/2.3.3/jaxb-runtime-parent-2.3.3.pom
2022-03-17 09:46:38,498 [Worker-9: Building] INFO  o.e.m.c.i.e.AbstractTransferListenerAdapter - Downloading http://srvcem002a.tokiomarine.com.br/artifactory/tkm-mirror/com/sun/xml/bind/mvn/jaxb-parent/2.3.3/jaxb-parent-2.3.3.pom
2022-03-17 09:46:38,547 [Worker-9: Building] INFO  o.e.m.c.i.e.AbstractTransferListenerAdapter - Downloaded http://srvcem002a.tokiomarine.com.br/artifactory/tkm-mirror/com/sun/xml/bind/mvn/jaxb-parent/2.3.3/jaxb-parent-2.3.3.pom
2022-03-17 09:46:38,608 [Worker-9: Building] INFO  o.e.m.c.i.e.AbstractTransferListenerAdapter - Downloading http://srvcem002a.tokiomarine.com.br/artifactory/tkm-mirror/com/sun/xml/bind/jaxb-bom-ext/2.3.3/jaxb-bom-ext-2.3.3.pom
2022-03-17 09:46:38,666 [Worker-9: Building] INFO  o.e.m.c.i.e.AbstractTransferListenerAdapter - Downloaded http://srvcem002a.tokiomarine.com.br/artifactory/tkm-mirror/com/sun/xml/bind/jaxb-bom-ext/2.3.3/jaxb-bom-ext-2.3.3.pom
2022-03-17 09:46:38,722 [Worker-9: Building] INFO  o.e.m.c.i.e.AbstractTransferListenerAdapter - Downloading http://srvcem002a.tokiomarine.com.br/artifactory/tkm-mirror/org/glassfish/jaxb/jaxb-bom/2.3.3/jaxb-bom-2.3.3.pom
2022-03-17 09:46:38,766 [Worker-9: Building] INFO  o.e.m.c.i.e.AbstractTransferListenerAdapter - Downloaded http://srvcem002a.tokiomarine.com.br/artifactory/tkm-mirror/org/glassfish/jaxb/jaxb-bom/2.3.3/jaxb-bom-2.3.3.pom
2022-03-17 09:46:38,861 [Worker-9: Building] INFO  o.e.m.c.i.e.AbstractTransferListenerAdapter - Downloading http://srvcem002a.tokiomarine.com.br/artifactory/tkm-mirror/org/glassfish/jaxb/txw2/2.3.3/txw2-2.3.3.pom
2022-03-17 09:46:38,904 [Worker-9: Building] INFO  o.e.m.c.i.e.AbstractTransferListenerAdapter - Downloaded http://srvcem002a.tokiomarine.com.br/artifactory/tkm-mirror/org/glassfish/jaxb/txw2/2.3.3/txw2-2.3.3.pom
2022-03-17 09:46:38,976 [Worker-9: Building] INFO  o.e.m.c.i.e.AbstractTransferListenerAdapter - Downloading http://srvcem002a.tokiomarine.com.br/artifactory/tkm-mirror/com/sun/xml/bind/mvn/jaxb-txw-parent/2.3.3/jaxb-txw-parent-2.3.3.pom
2022-03-17 09:46:39,017 [Worker-9: Building] INFO  o.e.m.c.i.e.AbstractTransferListenerAdapter - Downloaded http://srvcem002a.tokiomarine.com.br/artifactory/tkm-mirror/com/sun/xml/bind/mvn/jaxb-txw-parent/2.3.3/jaxb-txw-parent-2.3.3.pom
2022-03-17 09:46:39,099 [Worker-9: Building] INFO  o.e.m.c.i.e.AbstractTransferListenerAdapter - Downloading http://srvcem002a.tokiomarine.com.br/artifactory/tkm-mirror/com/sun/istack/istack-commons-runtime/3.0.11/istack-commons-runtime-3.0.11.pom
2022-03-17 09:46:39,178 [Worker-9: Building] INFO  o.e.m.c.i.e.AbstractTransferListenerAdapter - Downloaded http://srvcem002a.tokiomarine.com.br/artifactory/tkm-mirror/com/sun/istack/istack-commons-runtime/3.0.11/istack-commons-runtime-3.0.11.pom
2022-03-17 09:46:39,287 [Worker-9: Building] INFO  o.e.m.c.i.e.AbstractTransferListenerAdapter - Downloading http://srvcem002a.tokiomarine.com.br/artifactory/tkm-mirror/com/sun/istack/istack-commons/3.0.11/istack-commons-3.0.11.pom
2022-03-17 09:46:39,350 [Worker-9: Building] INFO  o.e.m.c.i.e.AbstractTransferListenerAdapter - Downloaded http://srvcem002a.tokiomarine.com.br/artifactory/tkm-mirror/com/sun/istack/istack-commons/3.0.11/istack-commons-3.0.11.pom
2022-03-17 09:46:39,477 [Worker-9: Building] INFO  o.e.m.c.i.e.AbstractTransferListenerAdapter - Downloading http://srvcem002a.tokiomarine.com.br/artifactory/tkm-mirror/org/springframework/data/spring-data-jpa/2.3.4.RELEASE/spring-data-jpa-2.3.4.RELEASE.pom
2022-03-17 09:46:39,542 [Worker-9: Building] INFO  o.e.m.c.i.e.AbstractTransferListenerAdapter - Downloaded http://srvcem002a.tokiomarine.com.br/artifactory/tkm-mirror/org/springframework/data/spring-data-jpa/2.3.4.RELEASE/spring-data-jpa-2.3.4.RELEASE.pom
2022-03-17 09:46:39,634 [Worker-9: Building] INFO  o.e.m.c.i.e.AbstractTransferListenerAdapter - Downloading http://srvcem002a.tokiomarine.com.br/artifactory/tkm-mirror/org/springframework/data/build/spring-data-parent/2.3.4.RELEASE/spring-data-parent-2.3.4.RELEASE.pom
2022-03-17 09:46:39,700 [Worker-9: Building] INFO  o.e.m.c.i.e.AbstractTransferListenerAdapter - Downloaded http://srvcem002a.tokiomarine.com.br/artifactory/tkm-mirror/org/springframework/data/build/spring-data-parent/2.3.4.RELEASE/spring-data-parent-2.3.4.RELEASE.pom
2022-03-17 09:46:39,776 [Worker-9: Building] INFO  o.e.m.c.i.e.AbstractTransferListenerAdapter - Downloading http://srvcem002a.tokiomarine.com.br/artifactory/tkm-mirror/org/springframework/data/build/spring-data-build/2.3.4.RELEASE/spring-data-build-2.3.4.RELEASE.pom
2022-03-17 09:46:39,826 [Worker-9: Building] INFO  o.e.m.c.i.e.AbstractTransferListenerAdapter - Downloaded http://srvcem002a.tokiomarine.com.br/artifactory/tkm-mirror/org/springframework/data/build/spring-data-build/2.3.4.RELEASE/spring-data-build-2.3.4.RELEASE.pom
2022-03-17 09:46:39,905 [Worker-9: Building] INFO  o.e.m.c.i.e.AbstractTransferListenerAdapter - Downloading http://srvcem002a.tokiomarine.com.br/artifactory/tkm-mirror/org/jetbrains/kotlinx/kotlinx-coroutines-bom/1.3.9/kotlinx-coroutines-bom-1.3.9.pom
2022-03-17 09:46:39,956 [Worker-9: Building] INFO  o.e.m.c.i.e.AbstractTransferListenerAdapter - Downloaded http://srvcem002a.tokiomarine.com.br/artifactory/tkm-mirror/org/jetbrains/kotlinx/kotlinx-coroutines-bom/1.3.9/kotlinx-coroutines-bom-1.3.9.pom
2022-03-17 09:46:40,056 [Worker-9: Building] INFO  o.e.m.c.i.e.AbstractTransferListenerAdapter - Downloading http://srvcem002a.tokiomarine.com.br/artifactory/tkm-mirror/org/springframework/spring-aspects/5.2.9.RELEASE/spring-aspects-5.2.9.RELEASE.pom
2022-03-17 09:46:40,103 [Worker-9: Building] INFO  o.e.m.c.i.e.AbstractTransferListenerAdapter - Downloaded http://srvcem002a.tokiomarine.com.br/artifactory/tkm-mirror/org/springframework/spring-aspects/5.2.9.RELEASE/spring-aspects-5.2.9.RELEASE.pom
2022-03-17 09:46:40,163 [Worker-9: Building] INFO  o.e.m.c.i.e.AbstractTransferListenerAdapter - Downloading http://srvcem002a.tokiomarine.com.br/artifactory/tkm-mirror/org/springframework/boot/spring-boot-starter-web/2.3.4.RELEASE/spring-boot-starter-web-2.3.4.RELEASE.pom
2022-03-17 09:46:40,208 [Worker-9: Building] INFO  o.e.m.c.i.e.AbstractTransferListenerAdapter - Downloaded http://srvcem002a.tokiomarine.com.br/artifactory/tkm-mirror/org/springframework/boot/spring-boot-starter-web/2.3.4.RELEASE/spring-boot-starter-web-2.3.4.RELEASE.pom
2022-03-17 09:46:40,268 [Worker-9: Building] INFO  o.e.m.c.i.e.AbstractTransferListenerAdapter - Downloading http://srvcem002a.tokiomarine.com.br/artifactory/tkm-mirror/org/springframework/boot/spring-boot-starter-json/2.3.4.RELEASE/spring-boot-starter-json-2.3.4.RELEASE.pom
2022-03-17 09:46:40,314 [Worker-9: Building] INFO  o.e.m.c.i.e.AbstractTransferListenerAdapter - Downloaded http://srvcem002a.tokiomarine.com.br/artifactory/tkm-mirror/org/springframework/boot/spring-boot-starter-json/2.3.4.RELEASE/spring-boot-starter-json-2.3.4.RELEASE.pom
2022-03-17 09:46:40,384 [Worker-9: Building] INFO  o.e.m.c.i.e.AbstractTransferListenerAdapter - Downloading http://srvcem002a.tokiomarine.com.br/artifactory/tkm-mirror/org/springframework/spring-web/5.2.9.RELEASE/spring-web-5.2.9.RELEASE.pom
2022-03-17 09:46:40,434 [Worker-9: Building] INFO  o.e.m.c.i.e.AbstractTransferListenerAdapter - Downloaded http://srvcem002a.tokiomarine.com.br/artifactory/tkm-mirror/org/springframework/spring-web/5.2.9.RELEASE/spring-web-5.2.9.RELEASE.pom
2022-03-17 09:46:40,510 [Worker-9: Building] INFO  o.e.m.c.i.e.AbstractTransferListenerAdapter - Downloading http://srvcem002a.tokiomarine.com.br/artifactory/tkm-mirror/com/fasterxml/jackson/core/jackson-databind/2.11.2/jackson-databind-2.11.2.pom
2022-03-17 09:46:40,568 [Worker-9: Building] INFO  o.e.m.c.i.e.AbstractTransferListenerAdapter - Downloaded http://srvcem002a.tokiomarine.com.br/artifactory/tkm-mirror/com/fasterxml/jackson/core/jackson-databind/2.11.2/jackson-databind-2.11.2.pom
2022-03-17 09:46:40,646 [Worker-9: Building] INFO  o.e.m.c.i.e.AbstractTransferListenerAdapter - Downloading http://srvcem002a.tokiomarine.com.br/artifactory/tkm-mirror/com/fasterxml/jackson/jackson-base/2.11.2/jackson-base-2.11.2.pom
2022-03-17 09:46:40,697 [Worker-9: Building] INFO  o.e.m.c.i.e.AbstractTransferListenerAdapter - Downloaded http://srvcem002a.tokiomarine.com.br/artifactory/tkm-mirror/com/fasterxml/jackson/jackson-base/2.11.2/jackson-base-2.11.2.pom
2022-03-17 09:46:40,782 [Worker-9: Building] INFO  o.e.m.c.i.e.AbstractTransferListenerAdapter - Downloading http://srvcem002a.tokiomarine.com.br/artifactory/tkm-mirror/com/fasterxml/jackson/core/jackson-annotations/2.11.2/jackson-annotations-2.11.2.pom
2022-03-17 09:46:40,870 [Worker-9: Building] INFO  o.e.m.c.i.e.AbstractTransferListenerAdapter - Downloaded http://srvcem002a.tokiomarine.com.br/artifactory/tkm-mirror/com/fasterxml/jackson/core/jackson-annotations/2.11.2/jackson-annotations-2.11.2.pom
2022-03-17 09:46:40,933 [Worker-9: Building] INFO  o.e.m.c.i.e.AbstractTransferListenerAdapter - Downloading http://srvcem002a.tokiomarine.com.br/artifactory/tkm-mirror/com/fasterxml/jackson/core/jackson-core/2.11.2/jackson-core-2.11.2.pom
2022-03-17 09:46:40,982 [Worker-9: Building] INFO  o.e.m.c.i.e.AbstractTransferListenerAdapter - Downloaded http://srvcem002a.tokiomarine.com.br/artifactory/tkm-mirror/com/fasterxml/jackson/core/jackson-core/2.11.2/jackson-core-2.11.2.pom
2022-03-17 09:46:41,069 [Worker-9: Building] INFO  o.e.m.c.i.e.AbstractTransferListenerAdapter - Downloading http://srvcem002a.tokiomarine.com.br/artifactory/tkm-mirror/com/fasterxml/jackson/datatype/jackson-datatype-jdk8/2.11.2/jackson-datatype-jdk8-2.11.2.pom
2022-03-17 09:46:41,128 [Worker-9: Building] INFO  o.e.m.c.i.e.AbstractTransferListenerAdapter - Downloaded http://srvcem002a.tokiomarine.com.br/artifactory/tkm-mirror/com/fasterxml/jackson/datatype/jackson-datatype-jdk8/2.11.2/jackson-datatype-jdk8-2.11.2.pom
2022-03-17 09:46:41,212 [Worker-9: Building] INFO  o.e.m.c.i.e.AbstractTransferListenerAdapter - Downloading http://srvcem002a.tokiomarine.com.br/artifactory/tkm-mirror/com/fasterxml/jackson/module/jackson-modules-java8/2.11.2/jackson-modules-java8-2.11.2.pom
2022-03-17 09:46:41,222 [Worker-9: Building] INFO  o.e.m.c.i.e.AbstractTransferListenerAdapter - Downloaded http://srvcem002a.tokiomarine.com.br/artifactory/tkm-mirror/com/fasterxml/jackson/module/jackson-modules-java8/2.11.2/jackson-modules-java8-2.11.2.pom
2022-03-17 09:46:41,236 [Worker-9: Building] INFO  o.e.m.c.i.e.AbstractTransferListenerAdapter - Downloaded http://srvcem002a.tokiomarine.com.br/artifactory/tkm-mirror/com/fasterxml/jackson/datatype/jackson-datatype-jsr310/2.11.2/jackson-datatype-jsr310-2.11.2.pom
2022-03-17 09:46:41,253 [Worker-9: Building] INFO  o.e.m.c.i.e.AbstractTransferListenerAdapter - Downloaded http://srvcem002a.tokiomarine.com.br/artifactory/tkm-mirror/com/fasterxml/jackson/module/jackson-module-parameter-names/2.11.2/jackson-module-parameter-names-2.11.2.pom
2022-03-17 09:46:41,268 [Worker-9: Building] INFO  o.e.m.c.i.e.AbstractTransferListenerAdapter - Downloaded http://srvcem002a.tokiomarine.com.br/artifactory/tkm-mirror/org/springframework/boot/spring-boot-starter-tomcat/2.3.4.RELEASE/spring-boot-starter-tomcat-2.3.4.RELEASE.pom
2022-03-17 09:46:41,283 [Worker-9: Building] INFO  o.e.m.c.i.e.AbstractTransferListenerAdapter - Downloaded http://srvcem002a.tokiomarine.com.br/artifactory/tkm-mirror/org/springframework/spring-webmvc/5.2.9.RELEASE/spring-webmvc-5.2.9.RELEASE.pom
2022-03-17 09:46:41,296 [Worker-9: Building] INFO  o.e.m.c.i.e.AbstractTransferListenerAdapter - Downloaded http://srvcem002a.tokiomarine.com.br/artifactory/tkm-mirror/com/h2database/h2/1.4.200/h2-1.4.200.pom
2022-03-17 09:46:41,325 [Worker-9: Building] INFO  o.e.m.c.i.e.AbstractTransferListenerAdapter - Downloaded http://srvcem002a.tokiomarine.com.br/artifactory/tkm-mirror/org/springframework/boot/spring-boot-starter-test/2.3.4.RELEASE/spring-boot-starter-test-2.3.4.RELEASE.pom
2022-03-17 09:46:41,645 [Worker-9: Building] INFO  o.e.m.c.i.e.AbstractTransferListenerAdapter - Downloaded http://srvcem002a.tokiomarine.com.br/artifactory/tkm-mirror/org/apache/maven/plugins/maven-jar-plugin/3.2.0/maven-jar-plugin-3.2.0.pom
2022-03-17 09:47:07,164 [Worker-10: reload maven project] ERROR o.e.m2e.editor.pom.MavenPomEditor - failed to load maven project for org.eclipse.ui.part.FileEditorInput(/hr-worker/pom.xml)
org.eclipse.core.runtime.CoreException: Could not read maven project
	at org.eclipse.m2e.core.internal.project.registry.ProjectRegistryManager.readProjectWithDependencies(ProjectRegistryManager.java:831)
	at org.eclipse.m2e.core.internal.project.registry.ProjectRegistryManager.lambda$26(ProjectRegistryManager.java:1049)
	at java.base/java.util.HashMap.computeIfAbsent(HashMap.java:1220)
	at java.base/java.util.Collections$SynchronizedMap.computeIfAbsent(Collections.java:2760)
	at org.eclipse.m2e.core.internal.project.registry.ProjectRegistryManager.lambda$25(ProjectRegistryManager.java:1048)
	at java.base/java.util.Map.computeIfAbsent(Map.java:1054)
	at org.eclipse.m2e.core.internal.project.registry.ProjectRegistryManager.getMavenProject(ProjectRegistryManager.java:1048)
	at org.eclipse.m2e.core.internal.project.registry.MavenProjectFacade.getMavenProject(MavenProjectFacade.java:261)
	at org.eclipse.m2e.core.ui.internal.actions.SelectionUtil.getMavenProject(SelectionUtil.java:257)
	at org.eclipse.m2e.editor.pom.MavenPomEditor.readMavenProject(MavenPomEditor.java:659)
	at org.eclipse.m2e.editor.pom.MavenPomEditor$3.run(MavenPomEditor.java:979)
	at org.eclipse.core.internal.jobs.Worker.run(Worker.java:63)
2022-03-17 09:47:40,749 [Worker-3: reload maven project] ERROR o.e.m.c.i.p.r.ProjectRegistryManager - Failed to read Maven project: Some problems were encountered while processing the POMs:
[FATAL] Non-resolvable parent POM for com.devsuperior:hr-worker:0.0.1-SNAPSHOT: org.springframework.boot:spring-boot-starter-parent:pom:2.6.5-SNAPSHOT was not found in http://srvcem002a.tokiomarine.com.br/artifactory/tkm-mirror during a previous attempt. This failure was cached in the local repository and resolution is not reattempted until the update interval of internal-repository-mirror has elapsed or updates are forced and 'parent.relativePath' points at no local POM @ line 6, column 10

org.apache.maven.project.ProjectBuildingException: Some problems were encountered while processing the POMs:
[FATAL] Non-resolvable parent POM for com.devsuperior:hr-worker:0.0.1-SNAPSHOT: org.springframework.boot:spring-boot-starter-parent:pom:2.6.5-SNAPSHOT was not found in http://srvcem002a.tokiomarine.com.br/artifactory/tkm-mirror during a previous attempt. This failure was cached in the local repository and resolution is not reattempted until the update interval of internal-repository-mirror has elapsed or updates are forced and 'parent.relativePath' points at no local POM @ line 6, column 10

	at org.eclipse.m2e.core.internal.embedder.MavenImpl.readMavenProjects(MavenImpl.java:696)
	at org.eclipse.m2e.core.internal.project.registry.ProjectRegistryManager.lambda$16(ProjectRegistryManager.java:851)
	at org.eclipse.m2e.core.internal.embedder.MavenExecutionContext.executeBare(MavenExecutionContext.java:182)
	at org.eclipse.m2e.core.internal.embedder.MavenExecutionContext.execute(MavenExecutionContext.java:156)
	at org.eclipse.m2e.core.internal.embedder.MavenExecutionContext.execute(MavenExecutionContext.java:103)
	at org.eclipse.m2e.core.internal.project.registry.ProjectRegistryManager.execute(ProjectRegistryManager.java:1009)
	at org.eclipse.m2e.core.internal.project.registry.ProjectRegistryManager.readProjectsWithDependencies(ProjectRegistryManager.java:847)
	at org.eclipse.m2e.core.internal.project.registry.ProjectRegistryManager.create(ProjectRegistryManager.java:201)
	at org.eclipse.m2e.core.internal.project.registry.MavenProjectManager.create(MavenProjectManager.java:87)
	at org.eclipse.m2e.core.ui.internal.actions.SelectionUtil.getMavenProject(SelectionUtil.java:255)
	at org.eclipse.m2e.editor.pom.MavenPomEditor.readMavenProject(MavenPomEditor.java:659)
	at org.eclipse.m2e.editor.pom.MavenPomEditor$3.run(MavenPomEditor.java:979)
	at org.eclipse.core.internal.jobs.Worker.run(Worker.java:63)
2022-03-17 09:48:02,503 [Worker-9: reload maven project] ERROR o.e.m2e.editor.pom.MavenPomEditor - failed to load maven project for org.eclipse.ui.part.FileEditorInput(/hr-worker/pom.xml)
org.eclipse.core.runtime.CoreException: Could not read maven project
	at org.eclipse.m2e.core.internal.project.registry.ProjectRegistryManager.readProjectWithDependencies(ProjectRegistryManager.java:831)
	at org.eclipse.m2e.core.internal.project.registry.ProjectRegistryManager.lambda$26(ProjectRegistryManager.java:1049)
	at java.base/java.util.HashMap.computeIfAbsent(HashMap.java:1220)
	at java.base/java.util.Collections$SynchronizedMap.computeIfAbsent(Collections.java:2760)
	at org.eclipse.m2e.core.internal.project.registry.ProjectRegistryManager.lambda$25(ProjectRegistryManager.java:1048)
	at java.base/java.util.Map.computeIfAbsent(Map.java:1054)
	at org.eclipse.m2e.core.internal.project.registry.ProjectRegistryManager.getMavenProject(ProjectRegistryManager.java:1048)
	at org.eclipse.m2e.core.internal.project.registry.MavenProjectFacade.getMavenProject(MavenProjectFacade.java:261)
	at org.eclipse.m2e.core.ui.internal.actions.SelectionUtil.getMavenProject(SelectionUtil.java:257)
	at org.eclipse.m2e.editor.pom.MavenPomEditor.readMavenProject(MavenPomEditor.java:659)
	at org.eclipse.m2e.editor.pom.MavenPomEditor$3.run(MavenPomEditor.java:979)
	at org.eclipse.core.internal.jobs.Worker.run(Worker.java:63)
2022-03-17 09:48:03,705 [Worker-3: Building] INFO  o.e.m.c.i.l.LifecycleMappingFactory - Using org.eclipse.m2e.jdt.JarLifecycleMapping lifecycle mapping for MavenProject: com.devsuperior:hr-worker:0.0.1-SNAPSHOT @ C:\Users\T807314\Desktop\microservices-projects\hr-worker\pom.xml.
2022-03-17 09:48:09,357 [Worker-9: reload maven project] ERROR o.e.m2e.editor.pom.MavenPomEditor - failed to load maven project for org.eclipse.ui.part.FileEditorInput(/hr-worker/pom.xml)
org.eclipse.core.runtime.CoreException: Could not read maven project
	at org.eclipse.m2e.core.internal.project.registry.ProjectRegistryManager.readProjectWithDependencies(ProjectRegistryManager.java:831)
	at org.eclipse.m2e.core.internal.project.registry.ProjectRegistryManager.lambda$26(ProjectRegistryManager.java:1049)
	at java.base/java.util.HashMap.computeIfAbsent(HashMap.java:1220)
	at java.base/java.util.Collections$SynchronizedMap.computeIfAbsent(Collections.java:2760)
	at org.eclipse.m2e.core.internal.project.registry.ProjectRegistryManager.lambda$25(ProjectRegistryManager.java:1048)
	at java.base/java.util.Map.computeIfAbsent(Map.java:1054)
	at org.eclipse.m2e.core.internal.project.registry.ProjectRegistryManager.getMavenProject(ProjectRegistryManager.java:1048)
	at org.eclipse.m2e.core.internal.project.registry.MavenProjectFacade.getMavenProject(MavenProjectFacade.java:261)
	at org.eclipse.m2e.core.ui.internal.actions.SelectionUtil.getMavenProject(SelectionUtil.java:257)
	at org.eclipse.m2e.editor.pom.MavenPomEditor.readMavenProject(MavenPomEditor.java:659)
	at org.eclipse.m2e.editor.pom.MavenPomEditor$3.run(MavenPomEditor.java:979)
	at org.eclipse.core.internal.jobs.Worker.run(Worker.java:63)
2022-03-17 09:48:10,174 [Worker-10: Building] INFO  o.e.m.c.i.l.LifecycleMappingFactory - Using org.eclipse.m2e.jdt.JarLifecycleMapping lifecycle mapping for MavenProject: com.devsuperior:hr-worker:0.0.1-SNAPSHOT @ C:\Users\T807314\Desktop\microservices-projects\hr-worker\pom.xml.
2022-03-17 09:48:10,745 [Worker-10: Building] WARN  o.e.m.c.i.embedder.EclipseLogger - Failed to build parent project for org.springframework.boot:spring-boot-starter-parent:pom:2.3.4.RELEASE
2022-03-17 09:48:10,770 [Worker-10: Building] ERROR o.e.m.c.internal.embedder.MavenImpl - Could not read parent project
org.apache.maven.project.ProjectBuildingException: Some problems were encountered while processing the POMs:
[ERROR] Non-resolvable import POM: org.junit:junit-bom:pom:5.6.2 failed to transfer from http://srvcem002a.tokiomarine.com.br/artifactory/tkm-mirror during a previous attempt. This failure was cached in the local repository and resolution is not reattempted until the update interval of internal-repository-mirror has elapsed or updates are forced. Original error: Could not transfer artifact org.junit:junit-bom:pom:5.6.2 from/to internal-repository-mirror (http://srvcem002a.tokiomarine.com.br/artifactory/tkm-mirror): The operation was cancelled. @ org.springframework.boot:spring-boot-dependencies:2.3.4.RELEASE, C:\Users\T807314\.m2\repository\org\springframework\boot\spring-boot-dependencies\2.3.4.RELEASE\spring-boot-dependencies-2.3.4.RELEASE.pom, line 2951, column 19
[ERROR] Non-resolvable import POM: org.jetbrains.kotlin:kotlin-bom:pom:1.3.72 failed to transfer from http://srvcem002a.tokiomarine.com.br/artifactory/tkm-mirror during a previous attempt. This failure was cached in the local repository and resolution is not reattempted until the update interval of internal-repository-mirror has elapsed or updates are forced. Original error: Could not transfer artifact org.jetbrains.kotlin:kotlin-bom:pom:1.3.72 from/to internal-repository-mirror (http://srvcem002a.tokiomarine.com.br/artifactory/tkm-mirror): The operation was cancelled. @ org.springframework.boot:spring-boot-dependencies:2.3.4.RELEASE, C:\Users\T807314\.m2\repository\org\springframework\boot\spring-boot-dependencies\2.3.4.RELEASE\spring-boot-dependencies-2.3.4.RELEASE.pom, line 2958, column 19
[ERROR] Non-resolvable import POM: org.jetbrains.kotlinx:kotlinx-coroutines-bom:pom:1.3.8 failed to transfer from http://srvcem002a.tokiomarine.com.br/artifactory/tkm-mirror during a previous attempt. This failure was cached in the local repository and resolution is not reattempted until the update interval of internal-repository-mirror has elapsed or updates are forced. Original error: Could not transfer artifact org.jetbrains.kotlinx:kotlinx-coroutines-bom:pom:1.3.8 from/to internal-repository-mirror (http://srvcem002a.tokiomarine.com.br/artifactory/tkm-mirror): The operation was cancelled. @ org.springframework.boot:spring-boot-dependencies:2.3.4.RELEASE, C:\Users\T807314\.m2\repository\org\springframework\boot\spring-boot-dependencies\2.3.4.RELEASE\spring-boot-dependencies-2.3.4.RELEASE.pom, line 2965, column 19
[ERROR] Non-resolvable import POM: org.apache.logging.log4j:log4j-bom:pom:2.13.3 failed to transfer from http://srvcem002a.tokiomarine.com.br/artifactory/tkm-mirror during a previous attempt. This failure was cached in the local repository and resolution is not reattempted until the update interval of internal-repository-mirror has elapsed or updates are forced. Original error: Could not transfer artifact org.apache.logging.log4j:log4j-bom:pom:2.13.3 from/to internal-repository-mirror (http://srvcem002a.tokiomarine.com.br/artifactory/tkm-mirror): The operation was cancelled. @ org.springframework.boot:spring-boot-dependencies:2.3.4.RELEASE, C:\Users\T807314\.m2\repository\org\springframework\boot\spring-boot-dependencies\2.3.4.RELEASE\spring-boot-dependencies-2.3.4.RELEASE.pom, line 2972, column 19
[ERROR] Non-resolvable import POM: io.micrometer:micrometer-bom:pom:1.5.5 failed to transfer from http://srvcem002a.tokiomarine.com.br/artifactory/tkm-mirror during a previous attempt. This failure was cached in the local repository and resolution is not reattempted until the update interval of internal-repository-mirror has elapsed or updates are forced. Original error: Could not transfer artifact io.micrometer:micrometer-bom:pom:1.5.5 from/to internal-repository-mirror (http://srvcem002a.tokiomarine.com.br/artifactory/tkm-mirror): The operation was cancelled. @ org.springframework.boot:spring-boot-dependencies:2.3.4.RELEASE, C:\Users\T807314\.m2\repository\org\springframework\boot\spring-boot-dependencies\2.3.4.RELEASE\spring-boot-dependencies-2.3.4.RELEASE.pom, line 2979, column 19
[ERROR] Non-resolvable import POM: io.netty:netty-bom:pom:4.1.52.Final failed to transfer from http://srvcem002a.tokiomarine.com.br/artifactory/tkm-mirror during a previous attempt. This failure was cached in the local repository and resolution is not reattempted until the update interval of internal-repository-mirror has elapsed or updates are forced. Original error: Could not transfer artifact io.netty:netty-bom:pom:4.1.52.Final from/to internal-repository-mirror (http://srvcem002a.tokiomarine.com.br/artifactory/tkm-mirror): The operation was cancelled. @ org.springframework.boot:spring-boot-dependencies:2.3.4.RELEASE, C:\Users\T807314\.m2\repository\org\springframework\boot\spring-boot-dependencies\2.3.4.RELEASE\spring-boot-dependencies-2.3.4.RELEASE.pom, line 2986, column 19
[ERROR] Non-resolvable import POM: io.r2dbc:r2dbc-bom:pom:Arabba-SR7 failed to transfer from http://srvcem002a.tokiomarine.com.br/artifactory/tkm-mirror during a previous attempt. This failure was cached in the local repository and resolution is not reattempted until the update interval of internal-repository-mirror has elapsed or updates are forced. Original error: Could not transfer artifact io.r2dbc:r2dbc-bom:pom:Arabba-SR7 from/to internal-repository-mirror (http://srvcem002a.tokiomarine.com.br/artifactory/tkm-mirror): The operation was cancelled. @ org.springframework.boot:spring-boot-dependencies:2.3.4.RELEASE, C:\Users\T807314\.m2\repository\org\springframework\boot\spring-boot-dependencies\2.3.4.RELEASE\spring-boot-dependencies-2.3.4.RELEASE.pom, line 2993, column 19
[ERROR] Non-resolvable import POM: io.projectreactor:reactor-bom:pom:Dysprosium-SR12 failed to transfer from http://srvcem002a.tokiomarine.com.br/artifactory/tkm-mirror during a previous attempt. This failure was cached in the local repository and resolution is not reattempted until the update interval of internal-repository-mirror has elapsed or updates are forced. Original error: Could not transfer artifact io.projectreactor:reactor-bom:pom:Dysprosium-SR12 from/to internal-repository-mirror (http://srvcem002a.tokiomarine.com.br/artifactory/tkm-mirror): The operation was cancelled. @ org.springframework.boot:spring-boot-dependencies:2.3.4.RELEASE, C:\Users\T807314\.m2\repository\org\springframework\boot\spring-boot-dependencies\2.3.4.RELEASE\spring-boot-dependencies-2.3.4.RELEASE.pom, line 3000, column 19
[ERROR] Non-resolvable import POM: io.rsocket:rsocket-bom:pom:1.0.2 failed to transfer from http://srvcem002a.tokiomarine.com.br/artifactory/tkm-mirror during a previous attempt. This failure was cached in the local repository and resolution is not reattempted until the update interval of internal-repository-mirror has elapsed or updates are forced. Original error: Could not transfer artifact io.rsocket:rsocket-bom:pom:1.0.2 from/to internal-repository-mirror (http://srvcem002a.tokiomarine.com.br/artifactory/tkm-mirror): The operation was cancelled. @ org.springframework.boot:spring-boot-dependencies:2.3.4.RELEASE, C:\Users\T807314\.m2\repository\org\springframework\boot\spring-boot-dependencies\2.3.4.RELEASE\spring-boot-dependencies-2.3.4.RELEASE.pom, line 3007, column 19
[ERROR] Non-resolvable import POM: org.springframework.data:spring-data-releasetrain:pom:Neumann-SR4 failed to transfer from http://srvcem002a.tokiomarine.com.br/artifactory/tkm-mirror during a previous attempt. This failure was cached in the local repository and resolution is not reattempted until the update interval of internal-repository-mirror has elapsed or updates are forced. Original error: Could not transfer artifact org.springframework.data:spring-data-releasetrain:pom:Neumann-SR4 from/to internal-repository-mirror (http://srvcem002a.tokiomarine.com.br/artifactory/tkm-mirror): The operation was cancelled. @ org.springframework.boot:spring-boot-dependencies:2.3.4.RELEASE, C:\Users\T807314\.m2\repository\org\springframework\boot\spring-boot-dependencies\2.3.4.RELEASE\spring-boot-dependencies-2.3.4.RELEASE.pom, line 3014, column 19
[ERROR] Non-resolvable import POM: org.springframework:spring-framework-bom:pom:5.2.9.RELEASE failed to transfer from http://srvcem002a.tokiomarine.com.br/artifactory/tkm-mirror during a previous attempt. This failure was cached in the local repository and resolution is not reattempted until the update interval of internal-repository-mirror has elapsed or updates are forced. Original error: Could not transfer artifact org.springframework:spring-framework-bom:pom:5.2.9.RELEASE from/to internal-repository-mirror (http://srvcem002a.tokiomarine.com.br/artifactory/tkm-mirror): The operation was cancelled. @ org.springframework.boot:spring-boot-dependencies:2.3.4.RELEASE, C:\Users\T807314\.m2\repository\org\springframework\boot\spring-boot-dependencies\2.3.4.RELEASE\spring-boot-dependencies-2.3.4.RELEASE.pom, line 3021, column 19
[ERROR] Non-resolvable import POM: org.springframework.integration:spring-integration-bom:pom:5.3.2.RELEASE failed to transfer from http://srvcem002a.tokiomarine.com.br/artifactory/tkm-mirror during a previous attempt. This failure was cached in the local repository and resolution is not reattempted until the update interval of internal-repository-mirror has elapsed or updates are forced. Original error: Could not transfer artifact org.springframework.integration:spring-integration-bom:pom:5.3.2.RELEASE from/to internal-repository-mirror (http://srvcem002a.tokiomarine.com.br/artifactory/tkm-mirror): The operation was cancelled. @ org.springframework.boot:spring-boot-dependencies:2.3.4.RELEASE, C:\Users\T807314\.m2\repository\org\springframework\boot\spring-boot-dependencies\2.3.4.RELEASE\spring-boot-dependencies-2.3.4.RELEASE.pom, line 3028, column 19
[ERROR] Non-resolvable import POM: org.springframework.security:spring-security-bom:pom:5.3.4.RELEASE failed to transfer from http://srvcem002a.tokiomarine.com.br/artifactory/tkm-mirror during a previous attempt. This failure was cached in the local repository and resolution is not reattempted until the update interval of internal-repository-mirror has elapsed or updates are forced. Original error: Could not transfer artifact org.springframework.security:spring-security-bom:pom:5.3.4.RELEASE from/to internal-repository-mirror (http://srvcem002a.tokiomarine.com.br/artifactory/tkm-mirror): The operation was cancelled. @ org.springframework.boot:spring-boot-dependencies:2.3.4.RELEASE, C:\Users\T807314\.m2\repository\org\springframework\boot\spring-boot-dependencies\2.3.4.RELEASE\spring-boot-dependencies-2.3.4.RELEASE.pom, line 3035, column 19
[ERROR] Non-resolvable import POM: org.springframework.session:spring-session-bom:pom:Dragonfruit-SR1 failed to transfer from http://srvcem002a.tokiomarine.com.br/artifactory/tkm-mirror during a previous attempt. This failure was cached in the local repository and resolution is not reattempted until the update interval of internal-repository-mirror has elapsed or updates are forced. Original error: Could not transfer artifact org.springframework.session:spring-session-bom:pom:Dragonfruit-SR1 from/to internal-repository-mirror (http://srvcem002a.tokiomarine.com.br/artifactory/tkm-mirror): The operation was cancelled. @ org.springframework.boot:spring-boot-dependencies:2.3.4.RELEASE, C:\Users\T807314\.m2\repository\org\springframework\boot\spring-boot-dependencies\2.3.4.RELEASE\spring-boot-dependencies-2.3.4.RELEASE.pom, line 3042, column 19

	at org.apache.maven.project.DefaultProjectBuilder.build(DefaultProjectBuilder.java:207)
	at org.apache.maven.project.DefaultProjectBuilder.build(DefaultProjectBuilder.java:342)
	at org.apache.maven.project.DefaultProjectBuilder.build(DefaultProjectBuilder.java:299)
	at org.eclipse.m2e.core.internal.embedder.MavenImpl.resolveParentProject(MavenImpl.java:743)
	at org.eclipse.m2e.core.internal.embedder.MavenImpl.resolveParentProject(MavenImpl.java:722)
	at org.sonatype.m2e.mavenarchiver.internal.AbstractMavenArchiverConfigurator.loadParentHierarchy(AbstractMavenArchiverConfigurator.java:609)
	at org.sonatype.m2e.mavenarchiver.internal.AbstractMavenArchiverConfigurator.generateManifest(AbstractMavenArchiverConfigurator.java:395)
	at org.sonatype.m2e.mavenarchiver.internal.AbstractMavenArchiverConfigurator.mavenProjectChanged(AbstractMavenArchiverConfigurator.java:227)
	at org.sonatype.m2e.mavenarchiver.internal.AbstractMavenArchiverConfigurator.mavenProjectChanged(AbstractMavenArchiverConfigurator.java:215)
	at org.eclipse.m2e.core.internal.project.ProjectConfigurationManager.mavenProjectChanged(ProjectConfigurationManager.java:1056)
	at org.eclipse.m2e.core.internal.project.registry.ProjectRegistryManager.notifyProjectChangeListeners(ProjectRegistryManager.java:806)
	at org.eclipse.m2e.core.internal.project.registry.ProjectRegistryManager.applyMutableProjectRegistry(ProjectRegistryManager.java:972)
	at org.eclipse.m2e.core.internal.project.registry.ProjectRegistryManager.refresh(ProjectRegistryManager.java:305)
	at org.eclipse.m2e.core.internal.builder.MavenBuilder$BuildMethod.getProjectFacade(MavenBuilder.java:151)
	at org.eclipse.m2e.core.internal.builder.MavenBuilder$BuildMethod.lambda$0(MavenBuilder.java:89)
	at org.eclipse.m2e.core.internal.embedder.MavenExecutionContext.executeBare(MavenExecutionContext.java:182)
	at org.eclipse.m2e.core.internal.embedder.MavenExecutionContext.execute(MavenExecutionContext.java:156)
	at org.eclipse.m2e.core.internal.embedder.MavenExecutionContext.execute(MavenExecutionContext.java:103)
	at org.eclipse.m2e.core.internal.builder.MavenBuilder$BuildMethod.execute(MavenBuilder.java:88)
	at org.eclipse.m2e.core.internal.builder.MavenBuilder.build(MavenBuilder.java:198)
	at org.eclipse.core.internal.events.BuildManager$2.run(BuildManager.java:860)
	at org.eclipse.core.runtime.SafeRunner.run(SafeRunner.java:45)
	at org.eclipse.core.internal.events.BuildManager.basicBuild(BuildManager.java:232)
	at org.eclipse.core.internal.events.BuildManager.basicBuild(BuildManager.java:281)
	at org.eclipse.core.internal.events.BuildManager$1.run(BuildManager.java:334)
	at org.eclipse.core.runtime.SafeRunner.run(SafeRunner.java:45)
	at org.eclipse.core.internal.events.BuildManager.basicBuild(BuildManager.java:337)
	at org.eclipse.core.internal.events.BuildManager.basicBuildLoop(BuildManager.java:392)
	at org.eclipse.core.internal.events.BuildManager.build(BuildManager.java:417)
	at org.eclipse.core.internal.events.AutoBuildJob.doBuild(AutoBuildJob.java:161)
	at org.eclipse.core.internal.events.AutoBuildJob.run(AutoBuildJob.java:255)
	at org.eclipse.core.internal.jobs.Worker.run(Worker.java:63)
Caused by: org.apache.maven.model.building.ModelBuildingException: 14 problems were encountered while building the effective model for org.springframework.boot:spring-boot-starter-parent:2.3.4.RELEASE
[ERROR] Non-resolvable import POM: org.junit:junit-bom:pom:5.6.2 failed to transfer from http://srvcem002a.tokiomarine.com.br/artifactory/tkm-mirror during a previous attempt. This failure was cached in the local repository and resolution is not reattempted until the update interval of internal-repository-mirror has elapsed or updates are forced. Original error: Could not transfer artifact org.junit:junit-bom:pom:5.6.2 from/to internal-repository-mirror (http://srvcem002a.tokiomarine.com.br/artifactory/tkm-mirror): The operation was cancelled. @ org.springframework.boot:spring-boot-dependencies:2.3.4.RELEASE, C:\Users\T807314\.m2\repository\org\springframework\boot\spring-boot-dependencies\2.3.4.RELEASE\spring-boot-dependencies-2.3.4.RELEASE.pom, line 2951, column 19
[ERROR] Non-resolvable import POM: org.jetbrains.kotlin:kotlin-bom:pom:1.3.72 failed to transfer from http://srvcem002a.tokiomarine.com.br/artifactory/tkm-mirror during a previous attempt. This failure was cached in the local repository and resolution is not reattempted until the update interval of internal-repository-mirror has elapsed or updates are forced. Original error: Could not transfer artifact org.jetbrains.kotlin:kotlin-bom:pom:1.3.72 from/to internal-repository-mirror (http://srvcem002a.tokiomarine.com.br/artifactory/tkm-mirror): The operation was cancelled. @ org.springframework.boot:spring-boot-dependencies:2.3.4.RELEASE, C:\Users\T807314\.m2\repository\org\springframework\boot\spring-boot-dependencies\2.3.4.RELEASE\spring-boot-dependencies-2.3.4.RELEASE.pom, line 2958, column 19
[ERROR] Non-resolvable import POM: org.jetbrains.kotlinx:kotlinx-coroutines-bom:pom:1.3.8 failed to transfer from http://srvcem002a.tokiomarine.com.br/artifactory/tkm-mirror during a previous attempt. This failure was cached in the local repository and resolution is not reattempted until the update interval of internal-repository-mirror has elapsed or updates are forced. Original error: Could not transfer artifact org.jetbrains.kotlinx:kotlinx-coroutines-bom:pom:1.3.8 from/to internal-repository-mirror (http://srvcem002a.tokiomarine.com.br/artifactory/tkm-mirror): The operation was cancelled. @ org.springframework.boot:spring-boot-dependencies:2.3.4.RELEASE, C:\Users\T807314\.m2\repository\org\springframework\boot\spring-boot-dependencies\2.3.4.RELEASE\spring-boot-dependencies-2.3.4.RELEASE.pom, line 2965, column 19
[ERROR] Non-resolvable import POM: org.apache.logging.log4j:log4j-bom:pom:2.13.3 failed to transfer from http://srvcem002a.tokiomarine.com.br/artifactory/tkm-mirror during a previous attempt. This failure was cached in the local repository and resolution is not reattempted until the update interval of internal-repository-mirror has elapsed or updates are forced. Original error: Could not transfer artifact org.apache.logging.log4j:log4j-bom:pom:2.13.3 from/to internal-repository-mirror (http://srvcem002a.tokiomarine.com.br/artifactory/tkm-mirror): The operation was cancelled. @ org.springframework.boot:spring-boot-dependencies:2.3.4.RELEASE, C:\Users\T807314\.m2\repository\org\springframework\boot\spring-boot-dependencies\2.3.4.RELEASE\spring-boot-dependencies-2.3.4.RELEASE.pom, line 2972, column 19
[ERROR] Non-resolvable import POM: io.micrometer:micrometer-bom:pom:1.5.5 failed to transfer from http://srvcem002a.tokiomarine.com.br/artifactory/tkm-mirror during a previous attempt. This failure was cached in the local repository and resolution is not reattempted until the update interval of internal-repository-mirror has elapsed or updates are forced. Original error: Could not transfer artifact io.micrometer:micrometer-bom:pom:1.5.5 from/to internal-repository-mirror (http://srvcem002a.tokiomarine.com.br/artifactory/tkm-mirror): The operation was cancelled. @ org.springframework.boot:spring-boot-dependencies:2.3.4.RELEASE, C:\Users\T807314\.m2\repository\org\springframework\boot\spring-boot-dependencies\2.3.4.RELEASE\spring-boot-dependencies-2.3.4.RELEASE.pom, line 2979, column 19
[ERROR] Non-resolvable import POM: io.netty:netty-bom:pom:4.1.52.Final failed to transfer from http://srvcem002a.tokiomarine.com.br/artifactory/tkm-mirror during a previous attempt. This failure was cached in the local repository and resolution is not reattempted until the update interval of internal-repository-mirror has elapsed or updates are forced. Original error: Could not transfer artifact io.netty:netty-bom:pom:4.1.52.Final from/to internal-repository-mirror (http://srvcem002a.tokiomarine.com.br/artifactory/tkm-mirror): The operation was cancelled. @ org.springframework.boot:spring-boot-dependencies:2.3.4.RELEASE, C:\Users\T807314\.m2\repository\org\springframework\boot\spring-boot-dependencies\2.3.4.RELEASE\spring-boot-dependencies-2.3.4.RELEASE.pom, line 2986, column 19
[ERROR] Non-resolvable import POM: io.r2dbc:r2dbc-bom:pom:Arabba-SR7 failed to transfer from http://srvcem002a.tokiomarine.com.br/artifactory/tkm-mirror during a previous attempt. This failure was cached in the local repository and resolution is not reattempted until the update interval of internal-repository-mirror has elapsed or updates are forced. Original error: Could not transfer artifact io.r2dbc:r2dbc-bom:pom:Arabba-SR7 from/to internal-repository-mirror (http://srvcem002a.tokiomarine.com.br/artifactory/tkm-mirror): The operation was cancelled. @ org.springframework.boot:spring-boot-dependencies:2.3.4.RELEASE, C:\Users\T807314\.m2\repository\org\springframework\boot\spring-boot-dependencies\2.3.4.RELEASE\spring-boot-dependencies-2.3.4.RELEASE.pom, line 2993, column 19
[ERROR] Non-resolvable import POM: io.projectreactor:reactor-bom:pom:Dysprosium-SR12 failed to transfer from http://srvcem002a.tokiomarine.com.br/artifactory/tkm-mirror during a previous attempt. This failure was cached in the local repository and resolution is not reattempted until the update interval of internal-repository-mirror has elapsed or updates are forced. Original error: Could not transfer artifact io.projectreactor:reactor-bom:pom:Dysprosium-SR12 from/to internal-repository-mirror (http://srvcem002a.tokiomarine.com.br/artifactory/tkm-mirror): The operation was cancelled. @ org.springframework.boot:spring-boot-dependencies:2.3.4.RELEASE, C:\Users\T807314\.m2\repository\org\springframework\boot\spring-boot-dependencies\2.3.4.RELEASE\spring-boot-dependencies-2.3.4.RELEASE.pom, line 3000, column 19
[ERROR] Non-resolvable import POM: io.rsocket:rsocket-bom:pom:1.0.2 failed to transfer from http://srvcem002a.tokiomarine.com.br/artifactory/tkm-mirror during a previous attempt. This failure was cached in the local repository and resolution is not reattempted until the update interval of internal-repository-mirror has elapsed or updates are forced. Original error: Could not transfer artifact io.rsocket:rsocket-bom:pom:1.0.2 from/to internal-repository-mirror (http://srvcem002a.tokiomarine.com.br/artifactory/tkm-mirror): The operation was cancelled. @ org.springframework.boot:spring-boot-dependencies:2.3.4.RELEASE, C:\Users\T807314\.m2\repository\org\springframework\boot\spring-boot-dependencies\2.3.4.RELEASE\spring-boot-dependencies-2.3.4.RELEASE.pom, line 3007, column 19
[ERROR] Non-resolvable import POM: org.springframework.data:spring-data-releasetrain:pom:Neumann-SR4 failed to transfer from http://srvcem002a.tokiomarine.com.br/artifactory/tkm-mirror during a previous attempt. This failure was cached in the local repository and resolution is not reattempted until the update interval of internal-repository-mirror has elapsed or updates are forced. Original error: Could not transfer artifact org.springframework.data:spring-data-releasetrain:pom:Neumann-SR4 from/to internal-repository-mirror (http://srvcem002a.tokiomarine.com.br/artifactory/tkm-mirror): The operation was cancelled. @ org.springframework.boot:spring-boot-dependencies:2.3.4.RELEASE, C:\Users\T807314\.m2\repository\org\springframework\boot\spring-boot-dependencies\2.3.4.RELEASE\spring-boot-dependencies-2.3.4.RELEASE.pom, line 3014, column 19
[ERROR] Non-resolvable import POM: org.springframework:spring-framework-bom:pom:5.2.9.RELEASE failed to transfer from http://srvcem002a.tokiomarine.com.br/artifactory/tkm-mirror during a previous attempt. This failure was cached in the local repository and resolution is not reattempted until the update interval of internal-repository-mirror has elapsed or updates are forced. Original error: Could not transfer artifact org.springframework:spring-framework-bom:pom:5.2.9.RELEASE from/to internal-repository-mirror (http://srvcem002a.tokiomarine.com.br/artifactory/tkm-mirror): The operation was cancelled. @ org.springframework.boot:spring-boot-dependencies:2.3.4.RELEASE, C:\Users\T807314\.m2\repository\org\springframework\boot\spring-boot-dependencies\2.3.4.RELEASE\spring-boot-dependencies-2.3.4.RELEASE.pom, line 3021, column 19
[ERROR] Non-resolvable import POM: org.springframework.integration:spring-integration-bom:pom:5.3.2.RELEASE failed to transfer from http://srvcem002a.tokiomarine.com.br/artifactory/tkm-mirror during a previous attempt. This failure was cached in the local repository and resolution is not reattempted until the update interval of internal-repository-mirror has elapsed or updates are forced. Original error: Could not transfer artifact org.springframework.integration:spring-integration-bom:pom:5.3.2.RELEASE from/to internal-repository-mirror (http://srvcem002a.tokiomarine.com.br/artifactory/tkm-mirror): The operation was cancelled. @ org.springframework.boot:spring-boot-dependencies:2.3.4.RELEASE, C:\Users\T807314\.m2\repository\org\springframework\boot\spring-boot-dependencies\2.3.4.RELEASE\spring-boot-dependencies-2.3.4.RELEASE.pom, line 3028, column 19
[ERROR] Non-resolvable import POM: org.springframework.security:spring-security-bom:pom:5.3.4.RELEASE failed to transfer from http://srvcem002a.tokiomarine.com.br/artifactory/tkm-mirror during a previous attempt. This failure was cached in the local repository and resolution is not reattempted until the update interval of internal-repository-mirror has elapsed or updates are forced. Original error: Could not transfer artifact org.springframework.security:spring-security-bom:pom:5.3.4.RELEASE from/to internal-repository-mirror (http://srvcem002a.tokiomarine.com.br/artifactory/tkm-mirror): The operation was cancelled. @ org.springframework.boot:spring-boot-dependencies:2.3.4.RELEASE, C:\Users\T807314\.m2\repository\org\springframework\boot\spring-boot-dependencies\2.3.4.RELEASE\spring-boot-dependencies-2.3.4.RELEASE.pom, line 3035, column 19
[ERROR] Non-resolvable import POM: org.springframework.session:spring-session-bom:pom:Dragonfruit-SR1 failed to transfer from http://srvcem002a.tokiomarine.com.br/artifactory/tkm-mirror during a previous attempt. This failure was cached in the local repository and resolution is not reattempted until the update interval of internal-repository-mirror has elapsed or updates are forced. Original error: Could not transfer artifact org.springframework.session:spring-session-bom:pom:Dragonfruit-SR1 from/to internal-repository-mirror (http://srvcem002a.tokiomarine.com.br/artifactory/tkm-mirror): The operation was cancelled. @ org.springframework.boot:spring-boot-dependencies:2.3.4.RELEASE, C:\Users\T807314\.m2\repository\org\springframework\boot\spring-boot-dependencies\2.3.4.RELEASE\spring-boot-dependencies-2.3.4.RELEASE.pom, line 3042, column 19

	at org.apache.maven.model.building.DefaultModelProblemCollector.newModelBuildingException(DefaultModelProblemCollector.java:197)
	at org.apache.maven.model.building.DefaultModelBuilder.build(DefaultModelBuilder.java:505)
	at org.apache.maven.model.building.DefaultModelBuilder.build(DefaultModelBuilder.java:437)
	at org.apache.maven.model.building.DefaultModelBuilder.build(DefaultModelBuilder.java:252)
	at org.apache.maven.project.DefaultProjectBuilder.build(DefaultProjectBuilder.java:173)
	... 31 common frames omitted
2022-03-17 09:48:59,995 [Worker-11: Building] INFO  o.e.m.c.i.l.LifecycleMappingFactory - Using org.eclipse.m2e.jdt.JarLifecycleMapping lifecycle mapping for MavenProject: com.devsuperior:hr-worker:0.0.1-SNAPSHOT @ C:\Users\T807314\Desktop\microservices-projects\hr-worker\pom.xml.
2022-03-17 09:49:02,890 [Worker-11: Building] INFO  o.e.m.c.i.embedder.EclipseLogger - Using 'UTF-8' encoding to copy filtered resources.
2022-03-17 09:49:02,896 [Worker-11: Building] INFO  o.e.m.c.i.embedder.EclipseLogger - Copying 1 resource
2022-03-17 09:49:02,914 [Worker-11: Building] INFO  o.e.m.c.i.embedder.EclipseLogger - Copying 0 resource
2022-03-17 09:49:02,917 [Worker-11: Building] INFO  o.e.m.c.i.embedder.EclipseLogger - Using 'UTF-8' encoding to copy filtered resources.
2022-03-17 09:49:02,918 [Worker-11: Building] INFO  o.e.m.c.i.embedder.EclipseLogger - skip non existing resourceDirectory C:\Users\T807314\Desktop\microservices-projects\hr-worker\src\test\resources
2022-03-17 09:49:22,493 [Worker-10: Updating Maven Project] INFO  o.e.m.c.i.p.ProjectConfigurationManager - Update started
2022-03-17 09:49:23,867 [Worker-10: Updating Maven Project] INFO  o.e.m.c.i.l.LifecycleMappingFactory - Using org.eclipse.m2e.jdt.JarLifecycleMapping lifecycle mapping for MavenProject: com.devsuperior:hr-worker:0.0.1-SNAPSHOT @ C:\Users\T807314\Desktop\microservices-projects\hr-worker\pom.xml.
2022-03-17 09:49:25,626 [Worker-10: Updating Maven Project] INFO  o.e.m.j.i.AbstractJavaProjectConfigurator - Adding source folder /hr-worker/src/main/java
2022-03-17 09:49:25,626 [Worker-10: Updating Maven Project] INFO  o.e.m.j.i.AbstractJavaProjectConfigurator - Adding resource folder /hr-worker/src/main/resources
2022-03-17 09:49:25,648 [Worker-10: Updating Maven Project] INFO  o.e.m.j.i.AbstractJavaProjectConfigurator - Adding resource folder /hr-worker/src/main/resources
2022-03-17 09:49:25,668 [Worker-10: Updating Maven Project] INFO  o.e.m.j.i.AbstractJavaProjectConfigurator - Adding source folder /hr-worker/src/test/java
2022-03-17 09:49:34,991 [Worker-10: Updating Maven Project] INFO  o.e.m.c.i.p.ProjectConfigurationManager - Update completed: 12 sec
2022-03-17 09:49:37,104 [Worker-11: Building] INFO  o.e.m.c.i.embedder.EclipseLogger - Using 'UTF-8' encoding to copy filtered resources.
2022-03-17 09:49:37,106 [Worker-11: Building] INFO  o.e.m.c.i.embedder.EclipseLogger - Copying 1 resource
2022-03-17 09:49:37,138 [Worker-11: Building] INFO  o.e.m.c.i.embedder.EclipseLogger - Copying 0 resource
2022-03-17 09:49:37,144 [Worker-11: Building] INFO  o.e.m.c.i.embedder.EclipseLogger - Using 'UTF-8' encoding to copy filtered resources.
2022-03-17 09:49:37,144 [Worker-11: Building] INFO  o.e.m.c.i.embedder.EclipseLogger - skip non existing resourceDirectory C:\Users\T807314\Desktop\microservices-projects\hr-worker\src\test\resources
2022-03-17 09:49:44,076 [Worker-6: Building] INFO  o.e.m.c.i.embedder.EclipseLogger - Using 'UTF-8' encoding to copy filtered resources.
2022-03-17 09:49:44,079 [Worker-6: Building] INFO  o.e.m.c.i.embedder.EclipseLogger - Copying 0 resource
2022-03-17 09:49:44,080 [Worker-6: Building] INFO  o.e.m.c.i.embedder.EclipseLogger - Copying 0 resource
2022-03-17 09:49:44,084 [Worker-6: Building] INFO  o.e.m.c.i.embedder.EclipseLogger - Using 'UTF-8' encoding to copy filtered resources.
2022-03-17 09:49:44,085 [Worker-6: Building] INFO  o.e.m.c.i.embedder.EclipseLogger - skip non existing resourceDirectory C:\Users\T807314\Desktop\microservices-projects\hr-worker\src\test\resources
2022-03-17 09:50:16,962 [Worker-11: Building] INFO  o.e.m.c.i.embedder.EclipseLogger - Using 'UTF-8' encoding to copy filtered resources.
2022-03-17 09:50:16,963 [Worker-11: Building] INFO  o.e.m.c.i.embedder.EclipseLogger - Copying 0 resource
2022-03-17 09:50:16,964 [Worker-11: Building] INFO  o.e.m.c.i.embedder.EclipseLogger - Copying 0 resource
2022-03-17 09:50:16,969 [Worker-11: Building] INFO  o.e.m.c.i.embedder.EclipseLogger - Using 'UTF-8' encoding to copy filtered resources.
2022-03-17 09:50:16,970 [Worker-11: Building] INFO  o.e.m.c.i.embedder.EclipseLogger - skip non existing resourceDirectory C:\Users\T807314\Desktop\microservices-projects\hr-worker\src\test\resources
